2021-02-18T17:01:05.823Z info: 171.229.207.16 GET https://www.fshare.vn/file/MU3LIFC6JYXI
2021-02-18T17:01:05.832Z info: getting download link...
2021-02-18T17:01:06.104Z info: http://download016.fshare.vn/dl/X3NxnxbBfuI9E81GDfc+rMTbYb63Zh2pR33Uwsn45Wb26uEFCloa4iye+Shz8H2I4SYzeppU9vl60otK/%5BSoftbuzz.net%5D%20Adobe%20Photoshop%202020.zip
2021-02-18T17:01:06.275Z info: shortenUrl: http://link1s.com/TbCo
2021-02-18T17:05:35.144Z info: start download
2021-02-18T17:08:41.421Z info: done
2021-02-18T17:26:24.652Z info: 42.119.116.59 GET https://www.fshare.vn/file/Q9T4Q6CV7Z6L
2021-02-18T17:26:24.654Z info: getting download link...
2021-02-18T17:26:25.905Z info: http://download021.fshare.vn/dl/QH8ziuUyeWpxsfp8F+QB47KM4CqTeCeQfZRSxKJBLc2U7FTxdTP5CbSoKP6ia5yvmhZh97TVtQZWMy1A/Adobe.Photoshop.2021.v22.1.1.138.7z
2021-02-18T17:26:26.109Z info: shortenUrl: http://link1s.com/gTE8CRK
2021-02-18T17:27:34.180Z info: start download
2021-02-18T17:27:34.374Z info: done
2021-02-18T17:27:34.893Z info: 113.173.239.206 GET https://www.fshare.vn/file/LHD454X12W6U
2021-02-18T17:27:34.894Z info: getting download link...
2021-02-18T17:27:35.189Z info: http://download017.fshare.vn/dl/FLC4aGog5U+tNABY3B0tRtPUbzvrVQYBTYAHWzOZb6asFJMW7CdgiXtkkAhTnmbfmJeurxkUIy2uCQ9w/Win-10-Pro-2009-NS-64-v70-21AK22-COM.iso
2021-02-18T17:27:35.399Z info: shortenUrl: http://link1s.com/Fzmu
2021-02-18T17:27:52.860Z info: start download
2021-02-18T17:28:31.413Z info: done
2021-02-18T17:28:33.053Z info: start download
2021-02-18T17:28:35.314Z info: done
2021-02-18T17:28:35.446Z info: start download
2021-02-18T17:28:41.033Z info: done
2021-02-18T17:28:42.930Z info: start download
2021-02-18T17:28:45.108Z info: done
2021-02-18T17:28:46.908Z info: start download
2021-02-18T17:28:48.048Z info: done
2021-02-18T17:28:48.154Z info: start download
2021-02-18T17:32:09.791Z info: done
2021-02-18T17:44:43.483Z info: 14.162.183.213 GET https://www.fshare.vn/file/NSSASVOI8EZK
2021-02-18T17:44:43.485Z info: getting download link...
2021-02-18T17:44:43.770Z info: http://download033.fshare.vn/dl/IQU7Dy-ROSCW+PXMHHnLQ11JEjbVOtBLTRUzUGeW7WJrt78yncznQkAfo9D64TkYLWsf9QABZ63uaQ6L/%5Boprekin%5D%207601.24564.rar
2021-02-18T17:44:43.998Z info: shortenUrl: http://link1s.com/eUV35A
2021-02-18T17:44:54.009Z info: 27.3.66.165 GET https://www.fshare.vn/file/6S69JK17KYT2GTH
2021-02-18T17:44:54.011Z info: getting download link...
2021-02-18T17:44:54.256Z info: http://download046.fshare.vn/dl/DmcCXWoMFOWcL31zmBrCFzn1q-dRua9blxUOXl8NQ+SiJtykht7lj3i5EHtM24Cl9jC2Uy5u2AFGqjqV/Another%27s%20Wife%202020%20720p%20HDRip%20AAC%20H.264.mkv
2021-02-18T17:44:54.474Z info: shortenUrl: http://link1s.com/fG3W
2021-02-18T17:46:07.218Z info: start download
2021-02-18T17:46:07.471Z info: done
2021-02-18T17:46:07.682Z info: start download
2021-02-18T18:01:23.712Z info: 27.3.66.165 GET https://www.fshare.vn/file/7E6AQKCQFNQG
2021-02-18T18:01:23.717Z info: getting download link...
2021-02-18T18:01:23.974Z info: http://download001.fshare.vn/dl/dA6TpVzcFO1Idy8Ks3fhIeKGIxW6yZeuxAGA0KmFpeUdmlqK8FnJWrl7cPVtCViUf76YedL+JAf7QaoL/Isabelle%20van%20Keulen%20-%20Midnight%20Violin%20%282017%29%20%5BWAV%5D.rar
2021-02-18T18:01:24.237Z info: shortenUrl: http://link1s.com/Vz3md
2021-02-18T18:02:38.127Z info: 42.119.116.59 GET https://www.fshare.vn/file/911RJ6VL5NMS
2021-02-18T18:02:38.134Z info: getting download link...
2021-02-18T18:02:38.436Z info: http://download033.fshare.vn/dl/gmov9--sbZEspVqyFFWnCyo+vBLwhCSLpSKb9Nkxe8Ds9EVbKlQrZId9v5gAOsjTGMcU0PcftWUJoQLd/Camtasia.2020.v20.0.13.28357.7z
2021-02-18T18:02:38.631Z info: shortenUrl: http://link1s.com/DTiuip
2021-02-18T18:03:39.317Z info: start download
2021-02-18T18:04:37.304Z info: 42.119.116.59 GET https://www.fshare.vn/file/911RJ6VL5NMS
2021-02-18T18:04:37.310Z info: getting download link...
2021-02-18T18:04:39.467Z info: http://download033.fshare.vn/dl/LAuMLuNt3D-g3+ab7njqSGCcsVfYKaERwChlAiK42+zmofffD2uSKyj4YqjFsOQjRkOmYZrmASYF06Ap/Camtasia.2020.v20.0.13.28357.7z
2021-02-18T18:04:39.677Z info: shortenUrl: http://link1s.com/9d9k
2021-02-18T18:06:02.522Z info: start download
2021-02-18T18:06:02.675Z info: done
2021-02-18T18:06:07.716Z info: start download
2021-02-18T18:07:06.182Z info: done
2021-02-18T18:07:08.899Z info: done
2021-02-18T18:19:49.487Z info: done
2021-02-18T18:22:27.387Z info: start download
2021-02-18T18:24:29.908Z info: done
2021-02-18T18:26:09.326Z info: 123.21.79.142 GET https://www.fshare.vn/file/MPGUPNU3LEXA
2021-02-18T18:26:09.328Z info: getting download link...
2021-02-18T18:26:09.630Z info: http://download033.fshare.vn/dl/uzRplYVF05DGiZITQlWEorFKHQegZ2SR1reoROdWYgxEx81WJ9aRCjlSI90Ye+OSvRAUoqVyP6eTH8Gg/Blood%20Moon%20Party%20Ti%E1%BB%87c%20Tr%C4%83ng%20M%C3%A1u%202020%201080p%20WEB-DL%20DDP%205.1%20H.264%20-%20HBO.mkv
2021-02-18T18:26:09.836Z info: shortenUrl: http://link1s.com/rDfqRI
2021-02-18T18:26:28.670Z info: start download
2021-02-18T18:26:28.913Z info: done
2021-02-18T18:26:29.445Z info: start download
2021-02-18T18:26:29.544Z info: done
2021-02-18T18:26:30.993Z info: start download
2021-02-18T18:27:08.348Z info: done
2021-02-18T18:28:01.378Z info: 118.69.125.122 GET https://www.fshare.vn/file/MPGUPNU3LEXA
2021-02-18T18:28:01.379Z info: getting download link...
2021-02-18T18:28:03.277Z info: http://download033.fshare.vn/dl/T1TjnXEwWK4vv2n9EgNowt6PfqyU62SbfFaslJOZ3RFNRbH4Cvis3B4KkLNuHLcTrE1Qnudhc2SjY7N0/Blood%20Moon%20Party%20Ti%E1%BB%87c%20Tr%C4%83ng%20M%C3%A1u%202020%201080p%20WEB-DL%20DDP%205.1%20H.264%20-%20HBO.mkv
2021-02-18T18:28:03.512Z info: shortenUrl: http://link1s.com/zBELT1F0
2021-02-18T18:28:30.809Z info: start download
2021-02-18T18:28:32.239Z info: done
2021-02-18T18:28:32.429Z info: start download
2021-02-18T18:30:05.401Z info: 123.21.79.142 GET http://www.fshare.vn/file/8YWCPA25AOA6
2021-02-18T18:30:05.405Z info: getting download link...
2021-02-18T18:30:05.742Z info: http://download019.fshare.vn/dl/VmVxcMz40lIYHc37ZHIqu7928cHJHV-X61iQtgh3Mp5Ni3MQ6T1VERceT5zmw90PhtxG2fHJukPWL9pf/Internet%20Download%20Manager%206.38.17%20Full%20Activated%20Repack.rar
2021-02-18T18:30:05.971Z info: shortenUrl: http://link1s.com/1La2v
2021-02-18T18:30:18.378Z info: start download
2021-02-18T18:30:18.565Z info: done
2021-02-18T18:30:18.660Z info: start download
2021-02-18T18:30:18.747Z info: done
2021-02-18T18:30:20.124Z info: start download
2021-02-18T18:30:22.964Z info: done
2021-02-18T18:38:09.100Z info: done
2021-02-18T18:46:54.132Z info: 27.3.66.165 GET https://www.fshare.vn/file/3VWNA8XRSD7K
2021-02-18T18:46:54.134Z info: getting download link...
2021-02-18T18:46:57.525Z info: http://download022.fshare.vn/dl/dt4tec0llDWqlx2mZpsZGKiv5yOHg9kdJsLNfP-IHWWF2MpmNY917bwGZY+8N1RYL6kY+Z70cD-tzaJn/Smooth%20Jazz%20Plays%20The%20Hits%20%282002%29.rar
2021-02-18T18:46:57.742Z info: shortenUrl: http://link1s.com/y0A2GhNh
2021-02-18T18:47:56.990Z info: start download
2021-02-18T18:47:57.962Z info: done
2021-02-18T18:47:58.083Z info: start download
2021-02-18T18:50:25.888Z info: done
2021-02-18T19:13:40.058Z info: 113.173.239.206 GET https://www.fshare.vn/file/LHD454X12W6U
2021-02-18T19:13:40.061Z info: getting download link...
2021-02-18T19:13:40.927Z info: http://download017.fshare.vn/dl/+Cd1cnfq12xflJRVyaCybBdXOwpF-99I4l7ttf9-dl8uuncKJuJtFqbfWI9cpxNrT+Ue+qkW5m8JrZ+Q/Win-10-Pro-2009-NS-64-v70-21AK22-COM.iso
2021-02-18T19:13:41.150Z info: shortenUrl: http://link1s.com/RwhTUV2i
2021-02-19T00:35:24.431Z info: 171.225.251.59 GET https://www.fshare.vn/file/2XADP5C1TQX8
2021-02-19T00:35:24.433Z info: getting download link...
2021-02-19T00:35:24.762Z info: http://download028.fshare.vn/dl/xgaFb9HS9tSEykgJLC05PGrF5xSKYzIjpPj85I9Z787GM4USXzs5f2Me0dAHaUNIl204EOFfx3YIZr5N/Kh%C3%A1nh%20H%C3%A0%20CD%20-%20Everlasting%20Love%20Songs%203CD.rar
2021-02-19T00:35:24.987Z info: shortenUrl: http://link1s.com/jtUiY7P7
2021-02-19T00:36:38.995Z info: start download
2021-02-19T00:36:39.876Z info: done
2021-02-19T00:36:40.109Z info: start download
2021-02-19T00:37:26.149Z info: 171.225.251.59 GET https://www.fshare.vn/file/OPB36D32SGPT
2021-02-19T00:37:26.162Z info: getting download link...
2021-02-19T00:37:27.944Z info: http://download012.fshare.vn/dl/cNT9JoCg+zLJj3iAbfHUDKWDxKVsF78iDGDnswf9SdxNTc8BfjRFhpNIRHHx9mEOB66w21nxBoWdUB7i/HoangLanCD002-DoiAnhVanCoDon-AnhTu.rar
2021-02-19T00:37:28.180Z info: shortenUrl: http://link1s.com/gQ15
2021-02-19T00:38:47.743Z info: start download
2021-02-19T00:38:47.993Z info: done
2021-02-19T00:38:48.104Z info: start download
2021-02-19T00:40:04.797Z info: 5.149.250.222 GET https://www.fshare.vn/file/1KHFDB8WKVDZ
2021-02-19T00:40:04.806Z info: getting download link...
2021-02-19T00:40:06.318Z info: http://download026.fshare.vn/dl/4PPi3FVEj2bCrnhCzeZRfTtWC4IqYfK89HACP3uaWeKqkufRmIqBlpjlBgjMD3HvKUQrU4WnosK63Y6W/KhanhHaCD048_AnhTu_GiongSong_wav.rar
2021-02-19T00:40:06.482Z info: shortenUrl: http://link1s.com/xCf7vAb
2021-02-19T00:40:53.107Z info: done
2021-02-19T00:41:06.171Z info: start download
2021-02-19T00:41:43.784Z info: 1.52.235.178 GET https://www.fshare.vn/file/ZPB3BXJNBDOXHAOB
2021-02-19T00:41:43.821Z info: getting download link...
2021-02-19T00:41:44.505Z info: done
2021-02-19T00:41:47.334Z info: http://download047.fshare.vn/dl/0XNOqCVq5Wosdf1F0UoQTUmCbxcAa180P7zAmmCXWDfy7ku-xNR+RDxZaH8swJw5GiPct7oc0rklxyT4/Penthouse.S01E01.ViE.1080p.WEB-DL.H264.AAC-AppleTor.mkv
2021-02-19T00:41:47.569Z info: shortenUrl: http://link1s.com/pRtmBu
2021-02-19T00:57:16.400Z info: done
2021-02-19T01:02:12.877Z info: 14.165.61.127 GET https://www.fshare.vn/file/LQNRNMV9DSMH
2021-02-19T01:02:12.880Z info: getting download link...
2021-02-19T01:02:13.243Z info: http://download015.fshare.vn/dl/Va3D4ua8qZyXrf0yjCnOi6PD3eaTf6h-ODSt0WguRlOfl-qdMUAQ7ZmZgpXo9LA57jIVbm9aEBA8q417/Office_2019_ProPlus_VL_x64.iso
2021-02-19T01:02:13.447Z info: shortenUrl: http://link1s.com/1zNit
2021-02-19T01:03:16.318Z info: start download
2021-02-19T01:04:50.311Z info: done
2021-02-19T01:36:27.523Z info: 117.5.107.39 GET https://www.fshare.vn/file/E469G7D1O49M
2021-02-19T01:36:27.525Z info: getting download link...
2021-02-19T01:36:30.441Z info: http://download046.fshare.vn/dl/gxcVKZnPXu9DCbspFxxgu6k9Q8Tft9jOAZDlaO+OW8O9InVyt5A+bJk8jJeKI6ShvJ9u1scrr1D4rFPZ/100.Days.My.Prince.S01E01.1080p.NF.WEB-DL.DDP2.0.x264-SH3LBY.mkv
2021-02-19T01:36:30.663Z info: shortenUrl: http://link1s.com/licWl
2021-02-19T01:37:57.978Z info: start download
2021-02-19T01:38:26.390Z info: done
2021-02-19T01:38:26.696Z info: start download
2021-02-19T01:44:52.556Z info: done
2021-02-19T01:46:31.683Z info: start download
2021-02-19T01:48:33.896Z info: done
2021-02-19T01:48:42.940Z info: start download
2021-02-19T01:49:38.058Z info: done
2021-02-19T01:50:09.142Z info: 117.5.146.41 GET https://www.fshare.vn/file/TQYESJYYN38M6PRE
2021-02-19T01:50:09.143Z info: getting download link...
2021-02-19T01:50:09.501Z info: http://download033.fshare.vn/dl/vgKfMmhwZddKgaqdhvOL89ImL9D7Kc3PGTds4ZSbXO80Vb74JRdvxga67XW-nDjQrVoq2uBk5F5r+DKV/Blood%20Moon%20Party%202020%201080p%20WEB-DL%20DDP%205.1%20H.264%20-%20HBO.mkv
2021-02-19T01:50:09.705Z info: shortenUrl: http://link1s.com/s9fW
2021-02-19T01:51:55.987Z info: start download
2021-02-19T01:58:30.396Z info: 42.116.181.225 GET https://www.fshare.vn/file/4VS2MPFRATZ9YTY
2021-02-19T01:58:30.404Z info: getting download link...
2021-02-19T01:58:30.693Z info: http://download018.fshare.vn/dl/dnG7JpGA1w2knMOVywFUq-QwCIa1YPGGHDTUN5o0+Dqffn-K9iDxw1dAArAc8ue8MivSOb3suuZOyLBf/Supergirl%20-%20S04E13.720p.HDTV.x264-AVS.mkv
2021-02-19T01:58:30.913Z info: shortenUrl: http://link1s.com/2zMnPr
2021-02-19T02:00:22.539Z info: start download
2021-02-19T02:01:00.145Z info: 171.252.153.140 GET https://www.fshare.vn/file/PLKU8AG8GAV8
2021-02-19T02:01:00.150Z info: getting download link...
2021-02-19T02:01:00.766Z info: http://download019.fshare.vn/dl/++6kdB8yJYDUZ9oXv1FkOICEYZEQQgnTvcareGaqEbgWxYTxNtft4AYrR69T5qlOo40iNZBQNing9Jk2/en_windows_10_consumer_editions_version_1909_x64_dvd_be09950e.iso
2021-02-19T02:01:00.993Z info: shortenUrl: http://link1s.com/ykaTluJ
2021-02-19T02:02:04.573Z info: start download
2021-02-19T02:05:27.209Z info: 171.252.153.140 GET https://www.fshare.vn/file/PLKU8AG8GAV8
2021-02-19T02:05:27.217Z info: getting download link...
2021-02-19T02:05:27.634Z info: http://download019.fshare.vn/dl/ND+VXTQvU4GHxZcYtY0fWOipi+QgI78iVD4HzTUOhvv4P8hd-1ypQF1uuAZvyxcbW11vpqJPZfiLwQWH/en_windows_10_consumer_editions_version_1909_x64_dvd_be09950e.iso
2021-02-19T02:05:27.876Z info: shortenUrl: http://link1s.com/H6sEPo
2021-02-19T02:06:31.088Z info: start download
2021-02-19T02:15:59.071Z info: 42.112.192.169 GET https://www.fshare.vn/file/LG52MPCCCI9I
2021-02-19T02:15:59.078Z info: getting download link...
2021-02-19T02:15:59.418Z info: http://download017.fshare.vn/dl/4wTGY0kovRkiwIrbfldXndXrPwO4YjGJCg6vzKreo2UrqbhLAe-QizzKgz6gAPYbgJhRM0FldeRRrRA4/%5BKhiPhach%5D%20Little.Nightmares.Secrets.of.The.Maw.Chapter.3.iso
2021-02-19T02:15:59.675Z info: shortenUrl: http://link1s.com/uCcxi3s
2021-02-19T02:16:48.148Z info: start download
2021-02-19T02:16:54.380Z info: done
2021-02-19T02:17:38.044Z info: 42.112.192.169 GET https://www.fshare.vn/file/8SY6OO21MTXX
2021-02-19T02:17:38.053Z info: getting download link...
2021-02-19T02:17:38.506Z info: http://download803.fshare.vn/dl/DYHWayQTBAWm+nm5YCmg7II5VwqDYtAvVUElVw0wQCqEInXCqg2kNVYz2G18r2wH7oWy-ey9SrAsPsOR/%5BKhiPhach.vn%5D%20%20codex-little.nightmares.ii.iso
2021-02-19T02:17:38.756Z info: shortenUrl: http://link1s.com/dMOtQFf
2021-02-19T02:18:08.139Z info: done
2021-02-19T02:18:10.223Z info: 14.160.42.226 GET https://www.fshare.vn/file/7Z6K4IXXN6MD
2021-02-19T02:18:10.224Z info: getting download link...
2021-02-19T02:18:11.989Z info: http://download022.fshare.vn/dl/jOufdd5KNflcGBHdEWU+OuYURM+aebgl7AqewTtVyVixZR1zWqeKg30DLqv276eCopQ6-WW2QoSGnywg/U2-The-Best-Of-1980-1990-B-Sides.rar
2021-02-19T02:18:12.220Z info: shortenUrl: http://link1s.com/JdXtvCl
2021-02-19T02:18:34.586Z info: done
2021-02-19T02:18:37.129Z info: start download
2021-02-19T02:22:40.510Z info: done
2021-02-19T02:24:42.518Z info: 8.21.11.72 GET https://www.fshare.vn/file/Q3ZH4WUCV2GQ58G
2021-02-19T02:24:42.525Z info: getting download link...
2021-02-19T02:24:45.978Z info: http://download003.fshare.vn/dl/DGkTLOFFjyUzbX3qser2jCxe8YG3GGjXDHZRobW8-RLZDLqsf3wlPGugLGwowbNUGq8V7mAvDdNxHaiz/Summer%20of%20Laura%20%281975%29.avi
2021-02-19T02:24:46.170Z info: shortenUrl: http://link1s.com/bd2Xz
2021-02-19T02:26:15.429Z info: start download
2021-02-19T02:34:52.551Z info: 101.99.13.96 GET https://www.fshare.vn/file/TONWBLTZA5MC
2021-02-19T02:34:52.561Z info: getting download link...
2021-02-19T02:35:03.218Z info: http://download046.fshare.vn/dl/nvp+9qroC4cqtprD9+Hiz2R-4zHUj1IdD78c29oYp+SAKirGYUe-2e1CzRGX1qTmksj9fhtkTaj2QkDN/We.Can.Be.Heroes.2020.VIE.1080p.NF.WEB-DL.DDP5.1.x264-MZABI.mkv
2021-02-19T02:35:06.219Z info: shortenUrl: http://link1s.com/iaZh
2021-02-19T02:36:18.136Z info: done
2021-02-19T02:36:20.411Z info: done
2021-02-19T02:36:35.733Z info: start download
2021-02-19T02:40:21.098Z info: 101.99.13.96 GET https://www.fshare.vn/file/TONWBLTZA5MC
2021-02-19T02:40:21.104Z info: getting download link...
2021-02-19T02:40:31.699Z info: http://download046.fshare.vn/dl/abG7xDTPwB4n3oGwGGfwzLunBzVNzXI5AeOkx4xK6SNFakdQhByClWN+nGb0LUhC--dWCddXS0nwcPQP/We.Can.Be.Heroes.2020.VIE.1080p.NF.WEB-DL.DDP5.1.x264-MZABI.mkv
2021-02-19T02:40:31.957Z info: shortenUrl: http://link1s.com/xo6Q9d
2021-02-19T02:40:37.506Z info: 113.161.53.148 GET https://www.fshare.vn/file/TE9S1DKIIS65
2021-02-19T02:40:37.512Z info: getting download link...
2021-02-19T02:40:37.865Z info: http://download025.fshare.vn/dl/UQiwhFgTXLyYD1FnyQ5OeKmNRUznEZDApLaR+sA-ANTIB58lB-l5fEVS409upTOYwsECm7l8BSRo88-n/Adobe_Photoshop_2021_v22.0.zip
2021-02-19T02:40:38.060Z info: shortenUrl: http://link1s.com/Dkn9
2021-02-19T02:41:10.451Z info: 113.161.53.148 GET https://www.fshare.vn/file/TE9S1DKIIS65
2021-02-19T02:41:10.456Z info: getting download link...
2021-02-19T02:41:10.770Z info: http://download025.fshare.vn/dl/4SIH-CcaCinzGTLMZ0NuqKPs+hdtsZNbt4NBZh-Ay-s3Wdvqs24a9-Onj3l7pAusSbEmwDbHa3V5qkjy/Adobe_Photoshop_2021_v22.0.zip
2021-02-19T02:41:10.981Z info: shortenUrl: http://link1s.com/ZWNxNj5a
2021-02-19T02:41:51.645Z info: 117.5.155.109 GET https://www.fshare.vn/file/PUUFAT3NSOPC
2021-02-19T02:41:51.652Z info: getting download link...
2021-02-19T02:41:51.665Z info: 8.21.11.51 GET https://www.fshare.vn/file/TE9S1DKIIS65
2021-02-19T02:41:51.666Z info: getting download link...
2021-02-19T02:42:02.331Z info: http://download025.fshare.vn/dl/0XvEYm1BPk0kKk7HMpJhr1NGQnffEA0xg0R+XWUkhwKDm+Q042bJLz2xf7zOP3i3QGEJP1BP5guVNM-j/Adobe_Photoshop_2021_v22.0.zip
2021-02-19T02:42:02.571Z info: shortenUrl: http://link1s.com/RqVCqnmK
2021-02-19T02:42:02.587Z info: http://download024.fshare.vn/dl/zXgvc8DfGy0Ua4AJUapeWQDzRkINOe8mnMGrv6unTR2ctmvmW0RHQNTai5I-7O0Hpg0UNIXgCOvcKrNW/%5BSanTruongIT.com%5D%20Adobe.After.Effects.2020.v17.1.0.72u1.zip
2021-02-19T02:42:02.747Z info: shortenUrl: http://link1s.com/Hvw65h
2021-02-19T02:42:43.895Z info: start download
2021-02-19T02:42:44.049Z info: done
2021-02-19T02:42:53.682Z info: start download
2021-02-19T02:43:55.255Z info: done
2021-02-19T02:45:07.851Z info: start download
2021-02-19T02:45:08.469Z info: done
2021-02-19T02:50:24.949Z info: done
2021-02-19T02:52:20.209Z info: done
2021-02-19T02:52:54.590Z info: 1.52.205.184 GET https://www.fshare.vn/file/U62FQ6AN7OMSTGH
2021-02-19T02:52:54.592Z info: getting download link...
2021-02-19T02:52:54.991Z info: http://download015.fshare.vn/dl/UTiTGx72afY1tQlcuZlOYAjEtELyNzTrrEEVEYtTCLF6o+cZxTc7LemADGVlhJFIFrsnDw6unNI9uVzm/MIDD-822B.wmv
2021-02-19T02:52:55.223Z info: shortenUrl: http://link1s.com/40Pfx3
2021-02-19T02:54:20.260Z info: start download
2021-02-19T02:56:22.798Z info: 1.52.205.184 GET https://www.fshare.vn/file/GNN1V1A27KYVAG5
2021-02-19T02:56:22.816Z info: getting download link...
2021-02-19T02:56:25.997Z info: http://download019.fshare.vn/dl/msTOuwDNIof74w-XtGITHR+GtIMH6Y8qCC5pPVNIZeVdfxpdANkrlvwqI9bY0QztqPHLi0nNvAvCxSph/MIDE-071.wmv
2021-02-19T02:56:26.240Z info: shortenUrl: http://link1s.com/ppCwx5WZ
2021-02-19T02:57:51.317Z info: start download
2021-02-19T03:01:37.042Z info: 1.52.53.225 GET https://www.fshare.vn/file/GNN1V1A27KYVAG5
2021-02-19T03:01:37.051Z info: getting download link...
2021-02-19T03:01:40.740Z info: http://download019.fshare.vn/dl/N5808Ax0yVjrNU2L+DHg6LFvpOYEgX0zM6jrRY50hABWTvDa014FF6J9qFLy+6Od3ZHJbhJQGd2sac4s/MIDE-071.wmv
2021-02-19T03:01:40.954Z info: shortenUrl: http://link1s.com/tzYZu5
2021-02-19T03:01:43.356Z info: 1.52.53.225 GET https://www.fshare.vn/file/GNN1V1A27KYVAG5
2021-02-19T03:01:43.358Z info: getting download link...
2021-02-19T03:01:44.278Z info: http://download019.fshare.vn/dl/ZiiETaTgG1p6b0rd3N6GcSSoIqebiE9uDg7GAlLJGMeRiDlnyAFQoiQH4iKZYZ7RWOOAgkUoQ2EDz7bn/MIDE-071.wmv
2021-02-19T03:01:44.500Z info: shortenUrl: http://link1s.com/1knaq
2021-02-19T03:03:15.331Z info: start download
2021-02-19T03:16:21.070Z info: 14.240.3.108 GET https://www.fshare.vn/file/5BSSD5BTZA3D
2021-02-19T03:16:21.079Z info: getting download link...
2021-02-19T03:16:23.864Z info: http://download010.fshare.vn/dl/0LlhCNvl13lY2-ywqTRtpMQPZmOizxmhBwb1iZ0xysXcnq06uYX8Psdzba1mIDtypisvPOA-vnwFeDfS/trumco.mkv
2021-02-19T03:16:24.088Z info: shortenUrl: http://link1s.com/qJB0Ig
2021-02-19T03:17:56.491Z info: 123.20.112.140 GET https://www.fshare.vn/file/GXIDFJIZ4D
2021-02-19T03:17:56.497Z info: getting download link...
2021-02-19T03:17:59.694Z info: http://download016.fshare.vn/dl/9ASSiRod1Q-gfi+cGHkEZBE518URNrpas2knIZuylzw3l-Fd+R12cirESIPHsh+88zD4yD6l0hypxAgb/Space.Pirate.Captain.Harlock.2013.720p.BluRay.x264.DTS-WiKi.mkv
2021-02-19T03:17:59.905Z info: shortenUrl: http://link1s.com/aEku
2021-02-19T03:19:51.055Z info: start download
2021-02-19T03:19:51.372Z info: done
2021-02-19T03:19:51.441Z info: start download
2021-02-19T03:29:12.261Z info: done
2021-02-19T03:32:09.006Z info: 125.235.235.251 GET https://www.fshare.vn/file/RIZ5GNJJQVXOFSF
2021-02-19T03:32:09.009Z info: getting download link...
2021-02-19T03:32:09.416Z info: http://download023.fshare.vn/dl/G5bGhidGgTRLJXTu23mLOi8zk3Ct5DWhUVYOCdurqh9LEoVeYVffd+VuRYjCYZzLgW6si0k84GaVjnyh/Extraordinary.You.S01E01.1080p.NF.WEB-DL.AAC2.0.x264-Ao.mkv
2021-02-19T03:32:09.639Z info: shortenUrl: http://link1s.com/4YrD
2021-02-19T03:32:29.432Z info: start download
2021-02-19T03:34:39.699Z info: 42.113.1.126 GET https://www.fshare.vn/file/Z8TAKRUQSHR5
2021-02-19T03:34:39.705Z info: getting download link...
2021-02-19T03:34:43.197Z info: http://download038.fshare.vn/dl/Um08EkZXnEaQP8+7qG2UI266AjPPaNJ+lPe9tk96QHt5bHSo16-esXMW1jCZ3YNBODAyH8U2XY1wl8EW/WIN10.19H2.1909.SUPERLITE.X64.ISO
2021-02-19T03:34:43.399Z info: shortenUrl: http://link1s.com/qbCGhMu
2021-02-19T03:37:25.217Z info: done
2021-02-19T03:49:40.871Z info: 27.72.146.86 GET https://www.fshare.vn/file/EZH4TL7WQMPD
2021-02-19T03:49:40.873Z info: getting download link...
2021-02-19T03:49:44.399Z info: http://download019.fshare.vn/dl/HG-grGv7tJDf2fYPFCM4jr2OHq6GG4pL5vGpdXySmK3Lg4G1AnHn1+ExjeLQQ6jHTX7PGMAwAY0CFDi9/Adobe_Photoshop_CC_2019_v20.0.0FIX.zip
2021-02-19T03:49:44.643Z info: shortenUrl: http://link1s.com/cBvnTMEK
2021-02-19T04:10:35.993Z info: 123.27.150.80 GET https://www.fshare.vn/file/KDW7Y1XBFYCH62H
2021-02-19T04:10:35.994Z info: getting download link...
2021-02-19T04:10:36.381Z info: http://download040.fshare.vn/dl/TIfGCIEQtoHc6MvqWKAYXGAJXF3gu8HHWQJ-e0A+iuyjfAFIIRdatoQFJlhlV6ic2sEcRzkegAyofq2F/T-34.2018.1080p.WEB-DL.DD5.1.H264-FGT.mkv
2021-02-19T04:10:36.532Z info: shortenUrl: http://link1s.com/XBFou9nJ
2021-02-19T04:11:42.101Z info: start download
2021-02-19T04:11:42.614Z info: done
2021-02-19T04:12:12.099Z info: 101.99.13.96 GET https://www.fshare.vn/file/TONWBLTZA5MC
2021-02-19T04:12:12.101Z info: getting download link...
2021-02-19T04:12:15.555Z info: http://download046.fshare.vn/dl/+5bqExxWhVxiBCNC8l5r5a4TxJC71Thq2C2f5FkCHeWpBotE8oUA60cUbw-G4FsbvIvr2tMSOGfg8ciT/We.Can.Be.Heroes.2020.VIE.1080p.NF.WEB-DL.DDP5.1.x264-MZABI.mkv
2021-02-19T04:12:15.796Z info: shortenUrl: http://link1s.com/lkEI1vG
2021-02-19T04:14:53.743Z info: start download
2021-02-19T04:25:00.677Z info: 123.20.112.140 GET https://www.fshare.vn/file/Y4D9VF7E32RC
2021-02-19T04:25:00.683Z info: getting download link...
2021-02-19T04:25:01.113Z info: http://download040.fshare.vn/dl/Oh9Kbq8gAqb-61D1M1HFqmnJ810C5NYkshSlOUQHYsNdgIza5CQojRDfA5EvtwGek2PkCUpXZHSLvZG2/Attack.on.Titan.%28Shingeki.no.Kyojin%29.The.Final%20Season.E03.1080p.WEB-DL.ACC2.0.x264.mkv
2021-02-19T04:25:01.383Z info: shortenUrl: http://link1s.com/wjpf
2021-02-19T04:26:19.922Z info: start download
2021-02-19T04:26:20.295Z info: done
2021-02-19T04:26:26.743Z info: start download
2021-02-19T04:26:27.193Z info: done
2021-02-19T04:26:27.417Z info: done
2021-02-19T04:26:28.939Z info: start download
2021-02-19T04:27:46.466Z info: 123.19.200.179 GET https://www.fshare.vn/file/911RJ6VL5NMS
2021-02-19T04:27:46.474Z info: getting download link...
2021-02-19T04:27:48.207Z info: http://download033.fshare.vn/dl/w47mmFYca0kAL9q+IKGg61vDmxHX95D4fGqPtfL1GvJj-f+-DTWooDSSHxmtesb4XmSq5PqLYMik13r8/Camtasia.2020.v20.0.13.28357.7z
2021-02-19T04:27:48.415Z info: shortenUrl: http://link1s.com/XjTtaAA6
2021-02-19T04:29:36.985Z info: start download
2021-02-19T04:29:37.508Z info: done
2021-02-19T04:29:37.632Z info: start download
2021-02-19T04:30:02.178Z info: done
2021-02-19T04:35:28.602Z info: done
2021-02-19T04:37:31.088Z info: start download
2021-02-19T04:37:31.194Z info: done
2021-02-19T04:37:31.263Z info: start download
2021-02-19T04:43:17.487Z info: done
2021-02-19T04:55:39.507Z info: 171.225.255.54 GET https://www.fshare.vn/file/9DUUGHR2REEH
2021-02-19T04:55:39.509Z info: getting download link...
2021-02-19T04:55:41.237Z info: http://download026.fshare.vn/dl/hOXD9qD75yX1H4S+erMU7d8gD-KXl3F3Grcj-GQy8wDvjs3akhe0ZYUF7mvnJX2ww9ybjiJg+ue1JxfF/Knights%20Of%20Valour%202021.1080P.WEB-DL.H264.AAC.mkv
2021-02-19T04:55:41.484Z info: shortenUrl: http://link1s.com/iyVXbmZu
2021-02-19T04:56:46.933Z info: start download
2021-02-19T04:56:47.235Z info: done
2021-02-19T04:56:48.159Z info: start download
2021-02-19T05:07:06.414Z info: done
2021-02-19T05:09:54.038Z info: 113.172.28.100 GET https://www.fshare.vn/file/BH7BMZTVMA82
2021-02-19T05:09:54.044Z info: getting download link...
2021-02-19T05:09:54.476Z info: http://download004.fshare.vn/dl/fLZggV5it0Li9YsYO1FQZeCHhP-ST4nG-THjgmVSJ89ITAnOYw3w-RXC4LkouQ5-XGsDwk5FnAt27uzY/SM-N910P_N910PVPU5DQI5_SPR_HiepGia_SamsungVN.zip
2021-02-19T05:09:54.709Z info: shortenUrl: http://link1s.com/T7V2vI
2021-02-19T05:11:20.416Z info: start download
2021-02-19T05:15:20.373Z info: done
2021-02-19T05:38:58.951Z info: 123.20.112.140 GET https://www.fshare.vn/file/KWODJAIJS3TM
2021-02-19T05:38:58.957Z info: getting download link...
2021-02-19T05:39:01.001Z info: http://download029.fshare.vn/dl/dDom15vgXUkJN0s+l-VSLbTDcKaeSzA4gfrWDxDBuUL5xfUdna5yCmd0Urm+K4+qn7oTxCE4SYeY6+vy/Attack.on.Titan.%28Shingeki.no.Kyojin%29.The.Final%20Season.E06.1080p.WEB-DL.ACC2.0.x264.mkv
2021-02-19T05:39:05.693Z info: shortenUrl: http://link1s.com/bRQYOfL
2021-02-19T05:40:18.140Z info: 123.20.112.140 GET https://www.fshare.vn/file/QOV5TD2YG1H5
2021-02-19T05:40:18.147Z info: getting download link...
2021-02-19T05:40:29.131Z info: http://download013.fshare.vn/dl/3reXsUAW2rrf7kewAUU386KdB1Xzm8+n0im--cUvWNYoO558JsygvU-nuIY0MNKMTeoGatnMMhHbQoEY/Attack.on.Titan.%28Shingeki.no.Kyojin%29.The.Final%20Season.E07.1080p.WEB-DL.ACC2.0.x264.mkv
2021-02-19T05:40:29.614Z info: shortenUrl: http://link1s.com/mlK8kEPH
2021-02-19T05:40:47.153Z info: start download
2021-02-19T05:40:47.566Z info: done
2021-02-19T05:40:53.375Z info: start download
2021-02-19T05:40:53.916Z info: done
2021-02-19T05:40:54.942Z info: start download
2021-02-19T05:43:32.888Z info: 171.225.251.59 GET https://www.fshare.vn/file/ZUXU8AFZH66Z
2021-02-19T05:43:32.902Z info: getting download link...
2021-02-19T05:43:36.401Z info: http://download018.fshare.vn/dl/yDldaT04iiS+Hs9q0-SWSOKaU2uHg4W7oI2Xu21cCDqaoNcat4d8x5aZOrBxVQ4mNii51ulwp75hrQeb/Anh%20T%C3%BA%20-%20V%C4%A9nh%20Bi%E1%BB%87t%20Ng%C6%B0%E1%BB%9Di%20T%C3%ACnh%20%28WAV%29%20%282019%29.rar
2021-02-19T05:43:36.635Z info: shortenUrl: http://link1s.com/QahwYyw
2021-02-19T05:44:34.803Z info: start download
2021-02-19T05:44:54.084Z info: done
2021-02-19T06:01:01.547Z info: done
2021-02-19T06:04:52.111Z info: 1.54.252.90 GET https://www.fshare.vn/file/US4X5K6TD5AS
2021-02-19T06:04:52.117Z info: getting download link...
2021-02-19T06:05:02.717Z info: http://download003.fshare.vn/dl/bgvhrIpJo0422sPUz8xegGnzT0IWR3OBmByR++zu3VGxu7bPia5nbth5R9PhgObjppxELUkJujxaU6KY/%5BFly-Fansub%5D%20Nigehaji%20EP01%20HD%20-%20Vietsub.mkv
2021-02-19T06:05:02.972Z info: shortenUrl: http://link1s.com/iUyReJAZ
2021-02-19T06:06:18.750Z info: start download
2021-02-19T06:06:18.978Z info: done
2021-02-19T06:06:19.081Z info: start download
2021-02-19T06:06:40.749Z info: 1.54.252.90 GET https://www.fshare.vn/file/6AO8UCW83HVQ
2021-02-19T06:06:40.767Z info: getting download link...
2021-02-19T06:06:42.564Z info: http://download004.fshare.vn/dl/WXfCQs-w9+m0ErOnF2KuhnExpkeKshg2jSFb1tQa-I9ewqEBwa1B4m6KZKIhLvv16zx4gqELxw5LzEMq/%5BFly-Fansub%5D%20Nigehaji%20EP02%20HD%20-%20Vietsub.mkv
2021-02-19T06:06:42.804Z info: shortenUrl: http://link1s.com/PhspE5y
2021-02-19T06:07:38.890Z info: start download
2021-02-19T06:07:39.541Z info: done
2021-02-19T06:07:39.599Z info: start download
2021-02-19T06:10:44.137Z info: done
2021-02-19T06:12:39.895Z info: done
2021-02-19T06:17:23.184Z info: 27.74.111.49 GET https://www.fshare.vn/file/SK9ADQAZSQ4Z
2021-02-19T06:17:23.190Z info: getting download link...
2021-02-19T06:17:24.094Z info: http://download038.fshare.vn/dl/UX9hWYP+CSOuwUiOguiBHMsWQFh0vhbM4kjHBDymOAnHhXKhgLracoYlEtBcwbFaNlHCgd5lM5xfBoG8/WIN10.19H2.1909.SUPERLITE.X64.ISO
2021-02-19T06:17:24.359Z info: shortenUrl: http://link1s.com/TYIKd
2021-02-19T06:18:20.966Z info: start download
2021-02-19T06:18:21.125Z info: done
2021-02-19T06:18:21.268Z info: start download
2021-02-19T06:26:25.048Z info: done
2021-02-19T06:33:24.006Z info: 123.24.191.220 GET https://www.fshare.vn/file/4FHXWJNEP469
2021-02-19T06:33:24.012Z info: getting download link...
2021-02-19T06:33:24.601Z info: http://download002.fshare.vn/dl/AXPr02rt0X3JGWFRdhs2PRC5HXMZVx4LpCjS78tG1fVW+wO0M6U5mmDMlRV+zHqCb61LTLMY5Yn5kzvp/and.then.there.were.none.s01e02.1080p.hdtv.x264-failed.mkv
2021-02-19T06:33:24.875Z info: shortenUrl: http://link1s.com/e20fwp
2021-02-19T06:35:14.997Z info: 1.54.252.90 GET https://www.fshare.vn/file/SJYWG8IL96SA
2021-02-19T06:35:15.005Z info: getting download link...
2021-02-19T06:35:17.238Z info: http://download014.fshare.vn/dl/dTqLRWg49boeOfNAMc9ueoxUKGnvgaPujJ6lHNnqKFC0DidmpfR72FKqikFQHBce0sIqx3hTIO9d0lLb/%5BFly-Fansub%5D%20Nigehaji%20EP03%20HD%20-%20Vietsub.mkv
2021-02-19T06:35:17.557Z info: shortenUrl: http://link1s.com/XHsC
2021-02-19T06:39:36.478Z error: download router: FetchError: request to http://download002.fshare.vn/dl/AXPr02rt0X3JGWFRdhs2PRC5HXMZVx4LpCjS78tG1fVW+wO0M6U5mmDMlRV+zHqCb61LTLMY5Yn5kzvp/and.then.there.were.none.s01e02.1080p.hdtv.x264-failed.mkv failed, reason: connect ECONNREFUSED 118.69.164.142:80
2021-02-19T06:39:36.855Z info: start download
2021-02-19T06:40:24.277Z info: 1.54.252.90 GET https://www.fshare.vn/file/KT4R9N93FKAF
2021-02-19T06:40:24.287Z info: getting download link...
2021-02-19T06:40:24.827Z info: http://download011.fshare.vn/dl/Kgweeoe52WuLTr-6KF+nO5S-FUmgl5xf-NHU43LeqgQxeQMvA-Tb11KkEed+hQmDJ4w7XHN+CcEUkT74/%5BFly-Fansub%5D%20Nigehaji%20EP04%20HD%20-%20Vietsub.mkv
2021-02-19T06:40:25.124Z info: shortenUrl: http://link1s.com/64uSGk
2021-02-19T06:41:17.123Z info: 113.160.203.177 GET https://www.fshare.vn/file/8T63PYH8G9QK
2021-02-19T06:41:17.134Z info: getting download link...
2021-02-19T06:41:17.526Z info: http://download042.fshare.vn/dl/YwCVsahxQH+6vKnQs+DcJBw+I0S3kr15VQNzTyhAeBEzLExBk2mznwB5VwKIPBqNZyZEd5IiGzQMeA8x/Topaz.Gigapixel.AI.v5.4.3.7z
2021-02-19T06:41:17.865Z info: shortenUrl: http://link1s.com/eEmRC
2021-02-19T06:42:09.354Z info: start download
2021-02-19T06:42:09.640Z info: done
2021-02-19T06:42:12.157Z info: start download
2021-02-19T06:42:12.533Z info: done
2021-02-19T06:42:14.067Z info: start download
2021-02-19T06:42:46.686Z info: done
2021-02-19T06:43:24.517Z info: 113.160.203.177 GET https://www.fshare.vn/file/8T63PYH8G9QK
2021-02-19T06:43:24.529Z info: getting download link...
2021-02-19T06:43:24.942Z info: http://download042.fshare.vn/dl/jZdfN0qzc+Ge4B03YzcJz35XcRXEwy+DCd5kALQ4rkO7xf67tqksHA8++wzLgTn4JnJwMpUFiUh27SNp/Topaz.Gigapixel.AI.v5.4.3.7z
2021-02-19T06:43:25.177Z info: shortenUrl: http://link1s.com/lBrP9xEF
2021-02-19T06:47:31.118Z info: done
2021-02-19T06:50:57.450Z info: 123.21.87.98 GET https://www.fshare.vn/file/PP8NAA8Z49PK
2021-02-19T06:50:57.456Z info: getting download link...
2021-02-19T06:51:04.438Z info: 14.169.209.241 GET https://www.fshare.vn/file/FGTEB4D8S2I8
2021-02-19T06:51:04.443Z info: getting download link...
2021-02-19T06:51:06.721Z info: http://download803.fshare.vn/dl/SFnyAEuxQMO9-njhSiQO5WodnJgRhTOZpNSGL0Fm0NhYvewCvuJLuJsAF8xVUlnqjDgw0VV0cFyZF6M2/UEFI%20Win7x64.Mar.2020.tib
2021-02-19T06:51:07.013Z info: shortenUrl: http://link1s.com/ZFvWBL
2021-02-19T06:51:08.639Z info: http://download047.fshare.vn/dl/y-DOOfkSKJMY5Who2GHyJv0m5ElLWbMmCgSegNdZ8+ZqlCNW+9ZyNyI2zBZb1PjnVmoFjIbZb3H63L3B/Q%20Show%202%201080p.mp4
2021-02-19T06:51:08.899Z info: shortenUrl: http://link1s.com/E9mE4r44
2021-02-19T06:52:03.100Z info: start download
2021-02-19T07:02:21.689Z info: 14.163.38.149 GET https://www.fshare.vn/file/8T63PYH8G9QK
2021-02-19T07:02:21.698Z info: getting download link...
2021-02-19T07:02:32.758Z info: http://download042.fshare.vn/dl/vjTNIWKfJ58HrsAb2x2kqeXgoHsBNODnSWsYUglH-TfPzl8KJ2ho8tGeSLAUJEgiu+gLm+uurZV6l9B6/Topaz.Gigapixel.AI.v5.4.3.7z
2021-02-19T07:02:32.989Z info: shortenUrl: http://link1s.com/xQWw
2021-02-19T07:03:53.179Z info: start download
2021-02-19T07:04:46.777Z info: done
2021-02-19T07:10:39.841Z info: start download
2021-02-19T07:14:33.738Z info: 1.54.252.90 GET https://www.fshare.vn/file/V2B6NFX5L9AC
2021-02-19T07:14:33.752Z info: getting download link...
2021-02-19T07:14:34.250Z info: http://download023.fshare.vn/dl/5WojOfWckf0ZOgJUM72nPHIRCTx32CYRo-IgxJmChZzZTE9nHP1qhRZuMGe8mfX3gmHk3CBWQqAakqkF/%5BFly-Fansub%5D%20Nigehaji%20EP05%20HD%20-%20Vietsub.mkv
2021-02-19T07:14:34.505Z info: shortenUrl: http://link1s.com/Xixfc
2021-02-19T07:15:14.715Z info: done
2021-02-19T07:15:58.065Z info: start download
2021-02-19T07:17:17.783Z info: 1.54.252.90 GET https://www.fshare.vn/file/V2B6NFX5L9AC
2021-02-19T07:17:17.793Z info: getting download link...
2021-02-19T07:17:18.318Z info: http://download023.fshare.vn/dl/euoBW44LE8zXuCVovvnlnequUFNIZPwdOpXTm0zOIaNN3pVH+lbpMetjBNU1u+De4EG0cGIuNHiyEYCa/%5BFly-Fansub%5D%20Nigehaji%20EP05%20HD%20-%20Vietsub.mkv
2021-02-19T07:17:18.575Z info: shortenUrl: http://link1s.com/UMIJr
2021-02-19T07:18:10.342Z info: start download
2021-02-19T07:19:36.241Z info: 14.173.72.124 GET https://www.fshare.vn/file/XU89DQEHZ8T6
2021-02-19T07:19:36.256Z info: getting download link...
2021-02-19T07:19:36.699Z info: http://download022.fshare.vn/dl/5xiH3ao8tFt9-zMowElfBFp3PAAnfoWNX2Z33L0Fa2iaf1u-9A3BvphWEjhGNQvkOuE-Pv96Jw5lUPF6/Win-10-Pro-2009-NS-64-v70-21AK22-COM.GHO
2021-02-19T07:19:36.876Z info: shortenUrl: http://link1s.com/k0Kmq
2021-02-19T07:21:45.552Z info: start download
2021-02-19T07:22:21.172Z info: done
2021-02-19T07:29:54.035Z info: 118.69.109.45 GET http://www.fshare.vn/file/IIUD44ZDMOA5
2021-02-19T07:29:54.046Z info: getting download link...
2021-02-19T07:29:54.533Z info: http://download006.fshare.vn/dl/pQ-xDpALNIQ8t-qYYsgrUS-m8IypGYz6sG7PgxbM332U3MQ5N-d+Hspo6DvAgz+X8YSk0jrGwfY8xHrA/Fatal%20Contact%202006%20m720p%20BluRay%20x264-BiRD.mkv
2021-02-19T07:29:54.805Z info: shortenUrl: http://link1s.com/skVmaG
2021-02-19T07:32:05.616Z info: done
2021-02-19T07:32:36.459Z info: start download
2021-02-19T07:34:15.351Z info: 27.78.106.100 GET https://www.fshare.vn/file/3ZH63NRMHBTY
2021-02-19T07:34:15.365Z info: getting download link...
2021-02-19T07:34:16.001Z info: http://download025.fshare.vn/dl/K0VkdqXtLUXMgG7D21eu76JzFFq3I2Rzbgyn7xXNsSEnRzcZNj0QtQlas5EymBcQawXTLWJ9GutSdNKv/DauLaDaiLuc01.mkv
2021-02-19T07:34:16.230Z info: shortenUrl: http://link1s.com/orqH5UgP
2021-02-19T07:34:20.777Z info: done
2021-02-19T07:34:29.866Z info: start download
2021-02-19T07:36:31.878Z info: done
2021-02-19T07:39:16.531Z info: done
2021-02-19T07:40:10.589Z info: done
2021-02-19T07:50:16.690Z info: 222.253.218.69 GET https://www.fshare.vn/file/M95NKM7S65WV
2021-02-19T07:50:16.696Z info: getting download link...
2021-02-19T07:50:17.202Z info: http://download015.fshare.vn/dl/XFOgQQGpq4p9ZIk+6g3kQMSaA7M5ONPiQnzIa8RzOEc-sAX96Fm8TFJMTsW23CRYANC3o-G5avr4zySK/Parallels%20Desktop%2016.1.2-49151%20-%20Toolbox%204.1.1-3698.dmg
2021-02-19T07:50:17.528Z info: shortenUrl: http://link1s.com/1yXor1a
2021-02-19T07:51:56.034Z info: start download
2021-02-19T07:52:32.503Z info: 123.21.36.154 GET https://www.fshare.vn/file/51FP3YBFX5MDREF
2021-02-19T07:52:32.518Z info: getting download link...
2021-02-19T07:52:33.471Z info: http://download031.fshare.vn/dl/SjIKxpCyj50WT0i9zI7Gz02gloG0wBmEfKzUTBfEqO6YoPgwkiqg3qM19cZ3y32843K96spOvzoWLTD8/KAWD-339A.wmv
2021-02-19T07:52:33.691Z info: shortenUrl: http://link1s.com/dC0dSI
2021-02-19T07:53:35.799Z info: start download
2021-02-19T07:53:36.108Z info: done
2021-02-19T07:53:36.241Z info: start download
2021-02-19T07:53:36.448Z info: done
2021-02-19T07:53:41.903Z info: start download
2021-02-19T07:54:42.285Z info: done
2021-02-19T07:59:11.715Z info: 123.21.36.154 GET https://www.fshare.vn/file/NRK886TGGNLSVT6
2021-02-19T07:59:11.726Z info: getting download link...
2021-02-19T07:59:12.280Z info: http://download015.fshare.vn/dl/UnRYAuYCIx3WvVKfsocX3niW5o1198lphD9lsC-1u1Fmr8vzqK7i1Yzo3yC5YfMsyv51GCqbjrQhmMdo/KAWD-339B.wmv
2021-02-19T07:59:12.509Z info: shortenUrl: http://link1s.com/MDc0I
2021-02-19T08:00:12.173Z info: start download
2021-02-19T08:00:12.482Z info: done
2021-02-19T08:00:12.585Z info: start download
2021-02-19T08:00:12.703Z info: done
2021-02-19T08:00:15.481Z info: start download
2021-02-19T08:15:52.380Z info: 118.69.109.45 GET https://www.fshare.vn/file/3B1UZ6L6R52M
2021-02-19T08:15:52.387Z info: getting download link...
2021-02-19T08:15:52.905Z info: http://download007.fshare.vn/dl/IPEyt9rnY+gD0YGorhR43MJz4PBTMMuOUMDxxFZd0tYU-RO6UnkVZnTjtaNuYrHS6LE2dB15Dv5BOqoL/LegendaryAssassin.2008.Bluray.720.DTS.x264.mkv
2021-02-19T08:15:53.152Z info: shortenUrl: http://link1s.com/EHVW
2021-02-19T08:16:12.164Z info: 118.69.109.45 GET https://www.fshare.vn/file/3B1UZ6L6R52M
2021-02-19T08:16:12.167Z info: getting download link...
2021-02-19T08:16:12.661Z info: http://download007.fshare.vn/dl/3qEaC7Oie+lfK7nftWZaBsvVvxGJtkFDlLReHJ+9ZGDkAMRmDaEbV4KEW+NPjhWLPZ8VwWQvsCdomiI2/LegendaryAssassin.2008.Bluray.720.DTS.x264.mkv
2021-02-19T08:16:12.951Z info: shortenUrl: http://link1s.com/ZZv0U
2021-02-19T08:17:16.465Z info: 14.187.174.126 GET https://www.fshare.vn/file/3B1UZ6L6R52M
2021-02-19T08:17:16.472Z info: getting download link...
2021-02-19T08:17:18.943Z info: getting download link...
2021-02-19T08:17:20.073Z info: http://download007.fshare.vn/dl/qdPCPfzAr74zlOoZ6ABEt6rhh7XpGfLb+yNkniYtlbNBx+W1hwLjfqJcQB2209oh0ji1I+vxhaihE3ht/LegendaryAssassin.2008.Bluray.720.DTS.x264.mkv
2021-02-19T08:17:20.329Z info: shortenUrl: http://link1s.com/B2RahDEd
2021-02-19T08:18:31.043Z info: done
2021-02-19T08:18:31.199Z info: start download
2021-02-19T08:18:41.869Z info: done
2021-02-19T08:18:45.048Z info: start download
2021-02-19T08:19:12.832Z info: done
2021-02-19T08:19:16.082Z info: done
2021-02-19T08:19:19.036Z info: start download
2021-02-19T08:19:20.659Z info: done
2021-02-19T08:19:20.828Z info: start download
2021-02-19T08:19:27.072Z info: start download
2021-02-19T08:19:28.397Z info: done
2021-02-19T08:19:28.615Z info: start download
2021-02-19T08:20:37.685Z info: 78.100.122.59 GET https://www.fshare.vn/file/YXIHMFZERC4B
2021-02-19T08:20:37.694Z info: getting download link...
2021-02-19T08:20:41.583Z info: http://download022.fshare.vn/dl/fSly2edi8PvpgPDYEV8-0eds8n2lmWwx846wfW9EuBJ33gaURRrtiwVGaCP+zxl8WyDjDaTlUYdpLic0/PDF-XChange.Editor.Plus.8.0.332.0.rar
2021-02-19T08:20:41.839Z info: shortenUrl: http://link1s.com/TjmE
2021-02-19T08:21:31.166Z info: start download
2021-02-19T08:22:36.040Z info: start download
2021-02-19T08:26:30.957Z info: done
2021-02-19T08:27:24.181Z info: done
2021-02-19T08:37:54.175Z info: done
2021-02-19T08:42:31.344Z info: done
2021-02-19T08:44:27.440Z info: 113.160.227.166 GET https://www.fshare.vn/file/1P7KYU5VQP6C
2021-02-19T08:44:27.442Z info: getting download link...
2021-02-19T08:44:28.018Z info: http://download036.fshare.vn/dl/+b6nnRXtb3gN6RzRnxYEgeDgT1AeXvCtknlRMF0c03QKzYLeMWHXXQbfZaZqzgFa97v+4NowNF3k29wJ/%5BFullCrck.vn%5DWnDrv6_Win8_8.1_10.x64_6.5.2015.0520_Dev2_VIE.rar
2021-02-19T08:44:28.265Z info: shortenUrl: http://link1s.com/7X0N7FT
2021-02-19T08:44:53.622Z info: start download
2021-02-19T08:47:35.845Z info: done
2021-02-19T08:51:25.953Z info: 113.160.227.166 GET https://www.fshare.vn/file/1KJPP48HFHUI
2021-02-19T08:51:25.958Z info: getting download link...
2021-02-19T08:51:26.529Z info: http://download008.fshare.vn/dl/wV4P5KWl6slNlzrcCgH9yt0W+xg-YLKrtoorv+k5HSd-WEm4tRf4PYTE66laOEH3kiuxnP8ZuGvP9ZS+/EasyDrv7_Win7.x64_7.17.1023.1_EN.rar
2021-02-19T08:51:26.755Z info: shortenUrl: http://link1s.com/dh3xnVO
2021-02-19T08:51:46.715Z info: start download
2021-02-19T08:52:56.078Z info: 123.21.163.217 GET https://www.fshare.vn/file/TQYESJYYN38M6PRE
2021-02-19T08:52:56.087Z info: getting download link...
2021-02-19T08:52:56.582Z info: http://download033.fshare.vn/dl/o81saaYRn+rZw4ng-RSlwkDybih+8ea6mfqt6YO7vj5zVRu1Rh65KSkqZ-59NQCeLRHwke82E3qrmOZ9/Blood%20Moon%20Party%202020%201080p%20WEB-DL%20DDP%205.1%20H.264%20-%20HBO.mkv
2021-02-19T08:52:56.796Z info: shortenUrl: http://link1s.com/oQEp
2021-02-19T08:54:00.418Z info: start download
2021-02-19T08:54:00.610Z info: done
2021-02-19T08:54:00.677Z info: start download
2021-02-19T08:56:31.952Z info: 117.5.155.208 GET https://www.fshare.vn/file/G8HGJ3K89998
2021-02-19T08:56:31.960Z info: getting download link...
2021-02-19T08:56:35.633Z info: http://download046.fshare.vn/dl/vCJucVqJuyhoTP8SEXTGDPNQJ4E7Fp7IGOpu7U+nTbudyoBApDNxT781TYELueu2RPm5oeK-XO9RRt0C/SketchUp.Pro.v21.0.391.7z
2021-02-19T08:56:35.936Z info: shortenUrl: http://link1s.com/m24uKz
2021-02-19T08:57:47.237Z info: start download
2021-02-19T08:58:08.277Z info: done
2021-02-19T08:58:16.662Z info: 14.189.80.170 GET https://www.fshare.vn/file/1P5D6EAYPELI
2021-02-19T08:58:16.671Z info: getting download link...
2021-02-19T08:58:17.229Z info: http://download028.fshare.vn/dl/U-klLis4z3vxx-XAkQ2UDjvFGa9leN3fK-Mv0RZC3k1KnMR5KWcQH13REwUtRkScSWknwf-WFS8ywMsf/Microsoft_Office_16.17.18090901_Installer.pkg
2021-02-19T08:58:17.453Z info: shortenUrl: http://link1s.com/8KtiCeE
2021-02-19T09:00:35.566Z info: start download
2021-02-19T09:01:39.685Z info: done
2021-02-19T09:03:41.193Z info: done
2021-02-19T09:05:16.854Z info: 113.162.151.65 GET https://www.fshare.vn/file/3SIVM6PTPRHS
2021-02-19T09:05:16.859Z info: getting download link...
2021-02-19T09:05:17.362Z info: http://download016.fshare.vn/dl/njqwQZK-RDPgHjfQVXc57v0WXb9DK9LMF4oozEyaW3WZFFSRLUn062pwAfD8yIEhHvnWksxQvlr0AmtB/Attack.on.Titan.%28Shingeki.no.Kyojin%29.The.Final%20Season.E10.1080p.WEB-DL.ACC2.0.x264.mkv
2021-02-19T09:05:17.558Z info: shortenUrl: http://link1s.com/ipXLXsSn
2021-02-19T09:05:46.233Z info: 14.244.88.70 GET https://www.fshare.vn/file/5VOIAMXM11QD
2021-02-19T09:05:46.238Z info: getting download link...
2021-02-19T09:05:50.178Z info: http://download014.fshare.vn/dl/qL8hl1fCwuBOCsMKR2g8vrXHPVi+5KANEJcRS8rJbBwif1N2f657gra4fZVcrLS2s-+sCBnFMInU7zCD/Windows%20Update%20Blocker%201.6.rar
2021-02-19T09:05:50.409Z info: shortenUrl: http://link1s.com/FfGNMvce
2021-02-19T09:06:32.838Z info: start download
2021-02-19T09:06:35.558Z info: done
2021-02-19T09:06:35.827Z info: start download
2021-02-19T09:07:22.174Z info: 14.244.88.70 GET https://www.fshare.vn/file/5VOIAMXM11QD
2021-02-19T09:07:22.181Z info: getting download link...
2021-02-19T09:07:25.871Z info: http://download014.fshare.vn/dl/PO1GmS5ka55siYJCKQuodcfW+lE9Kxwao7RBqMXxXkE8gfv0sEEC5DOFYXYaXSSv0lZ5QnkpFtDgDgw-/Windows%20Update%20Blocker%201.6.rar
2021-02-19T09:07:26.108Z info: shortenUrl: http://link1s.com/h74L
2021-02-19T09:10:05.059Z info: done
2021-02-19T09:11:23.325Z info: 113.162.151.65 GET https://www.fshare.vn/file/X83FOTUJUD1Q
2021-02-19T09:11:23.330Z info: getting download link...
2021-02-19T09:11:26.292Z info: http://download012.fshare.vn/dl/oZe8dTnyk8HGGX3w3pOMwuG-Q7fFrMbxoaHbqyBmGTv77xoaOmvcNKBSKphEXTCDHKkiDOH6-bYduAi5/Attack.on.Titan.%28Shingeki.no.Kyojin%29.The.Final%20Season.E01.1080p.WEB-DL.ACC2.0.x264.mkv
2021-02-19T09:11:26.527Z info: shortenUrl: http://link1s.com/QaTQ2q
2021-02-19T09:12:28.074Z info: start download
2021-02-19T09:12:31.920Z info: done
2021-02-19T09:12:33.249Z info: start download
2021-02-19T09:12:33.776Z info: done
2021-02-19T09:12:35.254Z info: start download
2021-02-19T09:13:40.810Z info: start download
2021-02-19T09:13:41.102Z info: done
2021-02-19T09:13:44.913Z info: 171.224.181.3 GET https://www.fshare.vn/file/CSPTTE7JR2OY
2021-02-19T09:13:44.914Z info: getting download link...
2021-02-19T09:13:48.801Z info: http://download019.fshare.vn/dl/5RKDDMFUYIk19li7bExst5cd-WYiIlafSidlv1GPkCOLiYTmSLu-zImJA5tVAdYGKpr-IyVGcO4rXlX7/Sherlock%20%282010%29%20-%20S04E01%20-%20The%20Six%20Thatchers%20%281080p%20BluRay%20x265%20afm72%29.mkv
2021-02-19T09:13:49.017Z info: shortenUrl: http://link1s.com/cwq45
2021-02-19T09:14:30.593Z info: start download
2021-02-19T09:14:54.163Z info: 171.224.181.3 GET https://www.fshare.vn/file/UKYWDSLBKKVG
2021-02-19T09:14:54.169Z info: getting download link...
2021-02-19T09:14:54.848Z info: http://download043.fshare.vn/dl/pGSN74W-XoOVM8LH49JL0RMA86s-5Wq4tXoRdKt7tUv2t6dHHVN4lHG0RrnIZJ4fufo0lW9vnaTD9b7l/Sherlock%20%282010%29%20-%20S04E02%20-%20The%20Lying%20Detective%20%281080p%20BluRay%20x265%20afm72%29.mkv
2021-02-19T09:14:55.286Z info: shortenUrl: http://link1s.com/hoHv
2021-02-19T09:15:05.981Z info: start download
2021-02-19T09:18:24.497Z info: 117.5.155.109 GET https://www.fshare.vn/file/WHEAXLXM243T
2021-02-19T09:18:24.500Z info: getting download link...
2021-02-19T09:18:25.383Z info: http://download023.fshare.vn/dl/n3hSyGh2tNaAF0+jkANuxKcuaZh+Vc3WiWS6tOLM3Oou6iOs6iZ4nmxiJ9TDbd7JyAL6-Wy5hk7-otXS/02.CEO%20VinaLink%20chia%20s%E1%BA%BB%20c%C3%A1ch%20l%C3%A0m%20Marketing%20tr%C3%AAn%20Facebook%20t%E1%BB%AB%20A-Z.rar
2021-02-19T09:18:25.571Z info: shortenUrl: http://link1s.com/uV93
2021-02-19T09:19:12.560Z info: start download
2021-02-19T09:20:55.254Z info: 117.2.139.134 GET https://www.fshare.vn/file/911RJ6VL5NMS
2021-02-19T09:20:55.258Z info: getting download link...
2021-02-19T09:21:06.252Z info: http://download033.fshare.vn/dl/h+ge9H-tDB3-Ie4fRfE5jBL3gyxQXXjUBT17TuGfnI5mibS6JfiFNaeFLV0-vnQW7c6vi3XP081rOv6t/Camtasia.2020.v20.0.13.28357.7z
2021-02-19T09:21:06.521Z info: shortenUrl: http://link1s.com/ZinTRLM
2021-02-19T09:21:36.983Z info: done
2021-02-19T09:21:36.984Z info: done
2021-02-19T09:23:01.916Z info: 116.118.105.117 GET https://www.fshare.vn/file/Y1W87YYPEJBL
2021-02-19T09:23:01.917Z info: getting download link...
2021-02-19T09:23:03.000Z info: http://download024.fshare.vn/dl/e9FS2Qvc5SrpUIgXHGaGSxWT5miWG36xqdaj3ednvF9MvsV6qbQqxC1JSvQ5cW1LvhgHuxCX8jy8+cjy/thuthuat.dianguc.info-EaseUS%20Partition%20Master%2012.10%20Technician%20Edition.rar
2021-02-19T09:23:03.266Z info: shortenUrl: http://link1s.com/87uBVvV
2021-02-19T09:23:30.361Z info: start download
2021-02-19T09:23:34.263Z info: 14.187.174.126 GET https://www.fshare.vn/file/3B1UZ6L6R52M
2021-02-19T09:23:34.267Z info: getting download link...
2021-02-19T09:23:34.778Z info: http://download007.fshare.vn/dl/H60eL-a8j2amGR4wf3GitFBey-cgfsfy3ZpsvtG+QIY1X1UkxQT0OKvx72d7+7LWz6KY-5-jPtt23rjp/LegendaryAssassin.2008.Bluray.720.DTS.x264.mkv
2021-02-19T09:23:35.009Z info: shortenUrl: http://link1s.com/GYdC9PT
2021-02-19T09:24:58.785Z info: start download
2021-02-19T09:26:14.596Z info: done
2021-02-19T09:27:07.051Z info: start download
2021-02-19T09:28:11.049Z info: done
2021-02-19T09:33:59.404Z info: 118.69.109.45 GET https://www.fshare.vn/file/3B1UZ6L6R52M
2021-02-19T09:33:59.413Z info: getting download link...
2021-02-19T09:34:00.447Z info: http://download007.fshare.vn/dl/cd97TibPfYu1pmYFMaaENiHalmnli33iUCQzHXY+7yISwBfjBALuOdycUTRqWsvtNyhbyFvXohIJgJaS/LegendaryAssassin.2008.Bluray.720.DTS.x264.mkv
2021-02-19T09:34:00.652Z info: shortenUrl: http://link1s.com/PjXACg
2021-02-19T09:34:53.218Z info: start download
2021-02-19T09:36:24.304Z info: 117.5.155.109 GET https://www.fshare.vn/file/WHEAXLXM243T
2021-02-19T09:36:24.312Z info: getting download link...
2021-02-19T09:36:27.932Z info: http://download023.fshare.vn/dl/VGKgGAImgGuBPFxc00EIkh-AlTKDwkETDmNcuXm0MxXVzkMIOQFn0ju3TgPtTfRkVn49FGnkIT715S0x/02.CEO%20VinaLink%20chia%20s%E1%BA%BB%20c%C3%A1ch%20l%C3%A0m%20Marketing%20tr%C3%AAn%20Facebook%20t%E1%BB%AB%20A-Z.rar
2021-02-19T09:36:28.190Z info: shortenUrl: http://link1s.com/Dpo6
2021-02-19T09:37:21.372Z info: start download
2021-02-19T09:38:05.467Z info: done
2021-02-19T09:39:01.389Z info: done
2021-02-19T09:46:57.263Z info: done
2021-02-19T09:54:54.927Z info: 171.224.180.108 GET https://www.fshare.vn/file/KDRIZ8T65WUAM1Y
2021-02-19T09:54:54.928Z info: getting download link...
2021-02-19T09:54:58.538Z info: http://download019.fshare.vn/dl/qqNQxRyjX4u6U7R7zs-EjfNkqR08Gn+8JaE3Uz-4ryhjoIQQ5nYw8KGO7asuQt7VCFQ5rpGBP87CTYda/6.underground.2019.internal.720p.web.x264-strife.mkv
2021-02-19T09:54:58.767Z info: shortenUrl: http://link1s.com/Al8dib4
2021-02-19T09:55:26.217Z info: start download
2021-02-19T09:55:32.951Z info: done
2021-02-19T09:55:37.576Z info: start download
2021-02-19T09:55:37.635Z info: done
2021-02-19T09:55:45.893Z info: start download
2021-02-19T09:55:45.950Z info: done
2021-02-19T09:56:07.074Z info: 171.224.180.108 GET https://www.fshare.vn/file/KDRIZ8T65WUAM1Y
2021-02-19T09:56:07.076Z info: getting download link...
2021-02-19T09:56:07.644Z info: http://download019.fshare.vn/dl/yGx9nPglMU90+RNMcrqRgDWo+PKoDg9tjdOAgBDItThkJBzLli3HSByfRfpJy+h80d-HW+sKZbACgAAV/6.underground.2019.internal.720p.web.x264-strife.mkv
2021-02-19T09:56:07.885Z info: shortenUrl: http://link1s.com/X44OXAW
2021-02-19T09:56:21.151Z info: start download
2021-02-19T09:56:21.208Z info: done
2021-02-19T09:56:35.302Z info: start download
2021-02-19T09:56:35.360Z info: done
2021-02-19T09:56:43.204Z info: start download
2021-02-19T09:56:43.263Z info: done
2021-02-19T09:56:44.450Z info: start download
2021-02-19T09:56:44.504Z info: done
2021-02-19T09:56:45.149Z info: start download
2021-02-19T09:56:45.209Z info: done
2021-02-19T09:57:20.542Z info: 14.176.144.182 GET https://www.fshare.vn/file/TQYESJYYN38M6PRE
2021-02-19T09:57:20.543Z info: getting download link...
2021-02-19T09:57:23.578Z info: http://download803.fshare.vn/dl/HByzNZRMuis-FattR93iI-Q6UQ5D9ZdmnqOsPY52TP+bLuTMIBlgaGKCcCh4n2nwn5xZjiuQio23VELT/Blood%20Moon%20Party%202020%201080p%20WEB-DL%20DDP%205.1%20H.264%20-%20HBO.mkv
2021-02-19T09:57:23.798Z info: shortenUrl: http://link1s.com/nNMl
2021-02-19T10:00:45.272Z info: start download
2021-02-19T10:01:52.783Z info: 14.176.144.182 GET https://www.fshare.vn/file/TQYESJYYN38M6PRE
2021-02-19T10:01:52.785Z info: getting download link...
2021-02-19T10:01:53.350Z info: http://download803.fshare.vn/dl/utIy-ZzfEOzEni+P4qlCdlUF3I6NYkGjQVcTZLo1GROsPEWO3TBMs++rJVfWDxlXKp0b9Qp7IqrsNl1y/Blood%20Moon%20Party%202020%201080p%20WEB-DL%20DDP%205.1%20H.264%20-%20HBO.mkv
2021-02-19T10:01:53.580Z info: shortenUrl: http://link1s.com/7QxAIO
2021-02-19T10:02:52.175Z info: start download
2021-02-19T10:16:55.402Z info: done
2021-02-19T10:19:02.380Z info: done
2021-02-19T10:29:13.779Z info: 117.5.155.109 GET https://www.fshare.vn/file/WHEAXLXM243T
2021-02-19T10:29:13.784Z info: getting download link...
2021-02-19T10:29:17.531Z info: http://download023.fshare.vn/dl/M5Rv5DAZqo2XZqUqG034sl1psuDQPp11aqsOaiAgRiUcQxgJJefigi1nrc9kWBOzCQqhriN7e9cS2lkw/02.CEO%20VinaLink%20chia%20s%E1%BA%BB%20c%C3%A1ch%20l%C3%A0m%20Marketing%20tr%C3%AAn%20Facebook%20t%E1%BB%AB%20A-Z.rar
2021-02-19T10:29:17.750Z info: shortenUrl: http://link1s.com/E3hEdaG
2021-02-19T10:30:04.497Z info: start download
2021-02-19T10:30:59.760Z info: done
2021-02-19T10:37:14.689Z info: done
2021-02-19T10:42:32.158Z info: 42.116.181.225 GET https://www.fshare.vn/file/4VS2MPFRATZ9YTY
2021-02-19T10:42:32.163Z info: getting download link...
2021-02-19T10:42:32.781Z info: http://download018.fshare.vn/dl/t7ymOz1L5jj8yncwQqVDGHENIkITcQsife3st4JhF2NLn0AgZLrym2wRA4Cx7gs4R5DeNUt3XnfV1+ro/Supergirl%20-%20S04E13.720p.HDTV.x264-AVS.mkv
2021-02-19T10:42:33.041Z info: shortenUrl: http://link1s.com/9BwqHqo
2021-02-19T10:43:45.952Z info: start download
2021-02-19T10:51:11.996Z info: 113.162.151.65 GET https://www.fshare.vn/file/WZ1VZ4C1UVM8
2021-02-19T10:51:11.998Z info: getting download link...
2021-02-19T10:51:13.801Z info: http://download037.fshare.vn/dl/CFr3r71mB3NiCVns73MPmLO5oPyp36KcmVfNRuhOvCTzUdhwt+St17ZGkBEIqv5WrpgTCOlCrmi9wdlL/Adobe.Acrobat.Pro.DC.v2020.013.20074.7z
2021-02-19T10:51:14.000Z info: shortenUrl: http://link1s.com/pZ93YMI
2021-02-19T10:53:27.276Z info: ::ffff:117.5.155.109 GET https://www.fshare.vn/file/WHEAXLXM243T
2021-02-19T10:53:27.282Z info: getting download link...
2021-02-19T10:53:27.889Z info: http://download023.fshare.vn/dl/ZycNoCZNa8yGgdPne5DgBjOn0hJbCuud-dveLRR5aZ7KWScU5XgbiLVNQDbjkJXbSLsRwECVhAlLLH4l/02.CEO%20VinaLink%20chia%20s%E1%BA%BB%20c%C3%A1ch%20l%C3%A0m%20Marketing%20tr%C3%AAn%20Facebook%20t%E1%BB%AB%20A-Z.rar
2021-02-19T10:53:28.127Z info: shortenUrl: http://link1s.com/ASoJG2
2021-02-19T10:54:14.789Z info: start download
2021-02-19T10:54:56.578Z info: done
2021-02-19T10:55:33.186Z info: start download
2021-02-19T10:56:52.269Z info: 113.162.151.65 GET https://www.fshare.vn/file/WZ1VZ4C1UVM8
2021-02-19T10:56:52.270Z info: getting download link...
2021-02-19T10:56:55.894Z info: http://download037.fshare.vn/dl/0DGG0iCvk3NpF1X7MozX75Oey2eEX9NlsthfLJQUNGBtVRB1Vygeu8Wl-H0W7iELdR2A4nZ3VhG3jAcy/Adobe.Acrobat.Pro.DC.v2020.013.20074.7z
2021-02-19T10:56:56.109Z info: shortenUrl: http://link1s.com/4CQEOzZH
2021-02-19T11:00:24.555Z info: done
2021-02-19T11:11:36.299Z info: done
2021-02-19T11:27:49.092Z info: 125.235.235.251 GET https://www.fshare.vn/file/7OJCW84LDRGP
2021-02-19T11:27:49.093Z info: getting download link...
2021-02-19T11:27:49.658Z info: http://download028.fshare.vn/dl/ZwpdFGy3vjMgi7zqBbU0rWclngGxISQ5GIsm75gdbDbjIRvvCCxq4FhsTecfRIzRJcT-E1y5PLtQKTio/WandaVision.S01E07.Breaking.the.Fourth.Wall.1080p.DSNP.WEB-DL.DDP5.1.H.264-TOMMY.mkv
2021-02-19T11:27:49.875Z info: shortenUrl: http://link1s.com/6f7y
2021-02-19T11:28:02.931Z info: start download
2021-02-19T11:30:56.623Z info: done
2021-02-19T11:32:03.661Z info: 27.78.106.100 GET https://www.fshare.vn/file/K4NLRR9OCGZC
2021-02-19T11:32:03.664Z info: getting download link...
2021-02-19T11:32:05.847Z info: http://download021.fshare.vn/dl/pa5QJ7irotLqdCyFQRdpLt+YfBibinaRdWG8GVkOKZh-4t5X7ZaJUXxtevL++GROxwDNjYWczw+l23-J/Strangers.from.Hell.S01E01.ViE.1080p.NF.WEB-DL.DD2.0.x264-Ao.mkv
2021-02-19T11:32:06.092Z info: shortenUrl: http://link1s.com/JpM7
2021-02-19T11:32:20.642Z info: start download
2021-02-19T11:32:20.842Z info: done
2021-02-19T11:32:20.898Z info: start download
2021-02-19T11:32:33.754Z info: done
2021-02-19T11:39:15.377Z info: start download
2021-02-19T11:39:42.140Z info: done
2021-02-19T11:40:12.408Z info: unknown GET https://www.fshare.vn/file/UCV3I3NN38M5
2021-02-19T11:40:12.410Z info: getting download link...
2021-02-19T11:40:15.035Z info: http://download016.fshare.vn/dl/dzfuCFLY1i3gTXDCwNT4x7LiaL8Ica4ofaqTl2LUsi2to3oEEKsDoV3+DSbf+AHrVYkl0i1O5LVWxYDQ/13-The.One.With.Rachels.Crush..mkv
2021-02-19T11:40:15.241Z info: shortenUrl: http://link1s.com/nvqn4O
2021-02-19T11:41:14.052Z info: 125.235.233.91 GET https://www.fshare.vn/file/CZO4AV72FOW7
2021-02-19T11:41:14.055Z info: getting download link...
2021-02-19T11:41:14.705Z info: http://download035.fshare.vn/dl/+QXA0upMl6VNo8DLlXQriV5bUjUASB5StEKsh-uadKe0Cgfx4YPrPUCFJHHuOgKGvOfiiQ4CnUz517qr/Adobe_Photoshop_CC_2019_v20.0.7.zip
2021-02-19T11:41:14.913Z info: shortenUrl: http://link1s.com/iq01J
2021-02-19T11:42:33.518Z info: start download
2021-02-19T11:49:23.431Z error: request to https://www.fshare.vn/file/A3BYN6IUHL82?token=1613735234 failed, reason: connect ETIMEDOUT 118.69.164.19:443
2021-02-19T11:50:24.867Z error: request to https://www.fshare.vn/file/A3BYN6IUHL82?token=1613735294 failed, reason: connect ETIMEDOUT 118.69.164.19:443
2021-02-19T11:55:37.403Z info: done
2021-02-19T11:55:46.404Z error: request to https://www.fshare.vn/file/8WNA4GPX97Z37HHO?token=1613735616 failed, reason: connect ETIMEDOUT 118.69.164.19:443
2021-02-19T11:57:20.746Z info: done
2021-02-19T12:09:08.787Z info: 117.5.155.109 GET https://www.fshare.vn/file/WHEAXLXM243T
2021-02-19T12:09:08.790Z info: getting download link...
2021-02-19T12:09:46.083Z error: request to https://www.fshare.vn/file/WHEAXLXM243T?token=1613736455 failed, reason: connect ETIMEDOUT 118.69.164.19:443
2021-02-19T12:10:45.480Z error: request to https://www.fshare.vn/file/WHEAXLXM243T?token=1613736515 failed, reason: connect ETIMEDOUT 118.69.164.19:443
2021-02-19T12:11:18.242Z error: get-link router: Error: get-download-link service: FetchError: request to https://api.fshare.vn/api/session/download failed, reason: connect ETIMEDOUT 118.69.164.19:443
2021-02-19T12:12:19.683Z error: request to https://www.fshare.vn/file/WHEAXLXM243T?token=1613736608 failed, reason: connect ETIMEDOUT 118.69.164.19:443
2021-02-19T12:12:33.892Z info: 117.5.155.109 GET https://www.fshare.vn/file/WHEAXLXM243T
2021-02-19T12:12:33.895Z info: getting download link...
2021-02-19T12:13:11.313Z info: getting download link...
2021-02-19T12:13:26.919Z info: 117.5.155.109 GET https://www.fshare.vn/file/WHEAXLXM243T
2021-02-19T12:13:26.930Z info: getting download link...
2021-02-19T12:13:33.938Z info: getting download link...
2021-02-19T12:14:45.098Z error: get-link router: Error: get-download-link service: FetchError: request to https://api.fshare.vn/api/session/download failed, reason: connect ETIMEDOUT 118.69.164.19:443
2021-02-19T12:15:36.295Z error: get-link router: Error: get-download-link service: FetchError: request to https://api.fshare.vn/api/session/download failed, reason: connect ETIMEDOUT 118.69.164.19:443
2021-02-19T12:23:47.279Z info: ::ffff:117.5.155.109 GET https://www.fshare.vn/file/WHEAXLXM243T
2021-02-19T12:23:47.286Z info: getting download link...
2021-02-19T12:24:06.247Z error: request to https://www.fshare.vn/file/WHEAXLXM243T?token=1613737315 failed, reason: connect ETIMEDOUT 118.69.164.19:443
2021-02-19T12:25:05.635Z error: request to https://www.fshare.vn/file/WHEAXLXM243T failed, reason: connect ETIMEDOUT 118.69.164.19:443
2021-02-19T12:25:56.836Z error: get-link router: Error: get-download-link service: FetchError: request to https://api.fshare.vn/api/session/download failed, reason: connect ETIMEDOUT 118.69.164.19:443
2021-02-19T12:29:01.163Z error: request to https://www.fshare.vn/file/WHEAXLXM243T failed, reason: connect ETIMEDOUT 118.69.164.19:443
