2021-02-09T10:13:22.963Z error: Only absolute URLs are supported
2021-02-09T11:02:30.902Z error: Only absolute URLs are supported
2021-02-09T12:34:03.625Z info: ::ffff:103.145.63.96 GET https://www.fshare.vn/file/WHEAXLXM243T
2021-02-09T12:34:03.628Z info: getting download link...
2021-02-09T12:34:03.824Z info: {"code":201,"msg":"Not logged in yet!"}
2021-02-09T12:34:03.828Z info: logging out
2021-02-09T12:34:04.011Z info: {"code":201,"msg":"Not logged in yet!"}
2021-02-09T12:34:04.012Z info: logging in with different account...
2021-02-09T12:34:04.012Z info: logging in ...
2021-02-09T12:34:04.252Z info: {"code":200,"msg":"Login successfully!","token":"450100e9c41e6681e35920de56e45a650a6b5a28","session_id":"147h1o9i9lrdn2jhkvn4qro1d3"}
2021-02-09T12:34:04.254Z info: getting download link...
2021-02-09T12:34:04.757Z info: {"location":"http://download023.fshare.vn/dl/HNmUgU7B+1MUspHWeYqnUO+q3eoNv6ZZnyS0j4CSrESwVXTfEbc7Rk9ndFQ6YGSnpKAL6SVOFnIXmrpX/02.CEO%20VinaLink%20chia%20s%E1%BA%BB%20c%C3%A1ch%20l%C3%A0m%20Marketing%20tr%C3%AAn%20Facebook%20t%E1%BB%AB%20A-Z.rar"}
2021-02-09T12:35:01.890Z info: ::ffff:103.145.63.96 GET https://www.fshare.vn/file/WHEAXLXM243T
2021-02-09T12:35:01.893Z info: getting download link...
2021-02-09T12:35:05.489Z info: {"location":"http://download023.fshare.vn/dl/fYZpfW-9y+3fumx53TpHOBG8xe7yS3juREIHlBUpUaumOejGQqrsAf1+nVfos+Xi86EBldU66lL5szJX/02.CEO%20VinaLink%20chia%20s%E1%BA%BB%20c%C3%A1ch%20l%C3%A0m%20Marketing%20tr%C3%AAn%20Facebook%20t%E1%BB%AB%20A-Z.rar"}
2021-02-09T12:35:05.751Z info: shortenUrl: http://link1s.com/aaywpR
2021-02-09T12:35:54.087Z info: parse url & file name
2021-02-09T12:35:59.277Z info: start download
2021-02-09T12:36:19.131Z info: done
2021-02-09T12:36:22.505Z info: parse url & file name
2021-02-09T12:36:22.553Z info: start download
2021-02-09T12:36:50.883Z info: done
2021-02-09T13:07:27.161Z info: parse url & file name
2021-02-09T13:07:27.166Z error: download router: TypeError [ERR_INVALID_ARG_TYPE]: The first argument must be of type string or an instance of Buffer, ArrayBuffer, or Array or an Array-like Object. Received undefined
2021-02-09T13:07:27.228Z info: parse url & file name
2021-02-09T13:07:27.229Z error: download router: TypeError [ERR_INVALID_ARG_TYPE]: The first argument must be of type string or an instance of Buffer, ArrayBuffer, or Array or an Array-like Object. Received undefined
2021-02-09T13:07:27.291Z info: parse url & file name
2021-02-09T13:07:27.292Z error: download router: TypeError [ERR_INVALID_ARG_TYPE]: The first argument must be of type string or an instance of Buffer, ArrayBuffer, or Array or an Array-like Object. Received undefined
2021-02-09T13:07:27.350Z info: parse url & file name
2021-02-09T13:07:27.352Z error: download router: TypeError [ERR_INVALID_ARG_TYPE]: The first argument must be of type string or an instance of Buffer, ArrayBuffer, or Array or an Array-like Object. Received undefined
2021-02-09T13:18:34.968Z info: ::ffff:103.145.63.96 GET https://www.fshare.vn/file/PUUFAT3NSOPC
2021-02-09T13:18:34.968Z info: getting download link...
2021-02-09T13:18:35.589Z info: {"location":"http://download024.fshare.vn/dl/e84SCGyNN-S7tg6+HvV7cS2243d3ZDm6c9CN+Iwm3U4whJezR3kCXw8bZ914WZRYI8sw9zeCilKe1QeA/%5BSanTruongIT.com%5D%20Adobe.After.Effects.2020.v17.1.0.72u1.zip"}
2021-02-09T13:18:35.997Z info: shortenUrl: http://link1s.com/j5U13W
2021-02-09T13:19:43.438Z info: parse url & file name
2021-02-09T13:19:43.689Z info: start download
2021-02-09T13:25:36.217Z info: done
2021-02-09T13:28:46.969Z error: request to https://www.fshare.vn/file/ZRK9CO5CZQGR failed, reason: getaddrinfo EAI_AGAIN www.fshare.vn
2021-02-09T13:30:56.914Z info: ::ffff:103.145.63.96 GET https://www.fshare.vn/file/ZRK9CO5CZQGR/
2021-02-09T13:30:56.919Z info: getting download link...
2021-02-09T13:30:58.107Z info: {"location":"http://download021.fshare.vn/dl/QymJxKVG87IDrkviU3NsXgjgY7v9UUxkZnUqSYYQFsR7IQUP09nsUzt+PvSeRMJBwDdAkjGjB3E9ItXH/Win10x32_Lite.iso"}
2021-02-09T13:30:59.109Z info: shortenUrl: http://link1s.com/v2VtU
2021-02-09T13:32:41.235Z error: Only absolute URLs are supported
2021-02-09T13:32:53.247Z error: Only absolute URLs are supported
2021-02-09T13:32:54.591Z info: ::ffff:103.145.63.96 GET https://www.fshare.vn/file/OCDKHHPRIXWI
2021-02-09T13:32:54.591Z info: getting download link...
2021-02-09T13:32:55.148Z info: {"location":"http://download004.fshare.vn/dl/wiTN+qVLbH4FbVtpJVQJaZZCmu7XSLwEwA9SnL7TIdPvdoxOlyBullFs2qNgva0pfvE4YqXb33yWp1ZQ/Microsoft%20Office%202016%20for%20Mac%20v16.16.21.zip"}
2021-02-09T13:32:56.229Z info: shortenUrl: http://link1s.com/gFS1u
2021-02-09T13:32:59.279Z error: Only absolute URLs are supported
2021-02-09T13:33:51.109Z info: parse url & file name
2021-02-09T13:34:03.576Z info: parse url & file name
2021-02-09T13:34:03.698Z info: start download
2021-02-09T13:34:03.894Z info: done
2021-02-09T13:34:03.918Z info: parse url & file name
2021-02-09T13:34:03.971Z info: start download
2021-02-09T13:34:26.428Z error: Only absolute URLs are supported
2021-02-09T13:34:41.551Z info: 117.5.155.109 GET https://www.fshare.vn/file/PUUFAT3NSOPC
2021-02-09T13:34:41.552Z info: getting download link...
2021-02-09T13:34:43.417Z info: {"location":"http://download024.fshare.vn/dl/pAw5gHddKAkntJWBcDMQmVfEllzilJeaikIOkX4Yik36cU+eeobKwVLYoejPUKVtlJx4lZjz3PvN0D9p/%5BSanTruongIT.com%5D%20Adobe.After.Effects.2020.v17.1.0.72u1.zip"}
2021-02-09T13:34:44.483Z info: shortenUrl: http://link1s.com/bnwaoc7N
2021-02-09T13:35:41.705Z info: done
