2021-02-17T17:22:48.736Z info: 123.17.16.209 GET https://www.fshare.vn/file/93C9XPELKSZC
2021-02-17T17:22:48.740Z info: getting download link...
2021-02-17T17:22:49.028Z info: http://download024.fshare.vn/dl/qvF8Vdl947ZCghvU9FJDWmVggirsn4rJSH+vEC8gI+NIx2gorUOUSqCYKRQNiGGpAk1QY54wsMlBRAus/Microsoft%20Office%202019%20for%20Mac%20v16.45.zip
2021-02-17T17:22:49.281Z info: shortenUrl: http://link1s.com/mzmUd7yx
2021-02-17T17:23:15.645Z info: start download
2021-02-17T17:27:48.746Z info: done
2021-02-17T17:40:11.754Z info: 171.224.179.92 GET https://www.fshare.vn/file/TQYESJYYN38M6PRE
2021-02-17T17:40:11.756Z info: getting download link...
2021-02-17T17:40:12.079Z info: http://download033.fshare.vn/dl/dExELCNz4aJ1JGA+dtFoCBRvDJQj67XATMnLak+YEiaf09dj9w0TpUApcQpIeuXlU3rZ8lASjV9gGT5L/Blood%20Moon%20Party%202020%201080p%20WEB-DL%20DDP%205.1%20H.264%20-%20HBO.mkv
2021-02-17T17:40:12.299Z info: shortenUrl: http://link1s.com/IWXBDI
2021-02-17T17:41:04.049Z info: 171.224.179.92 GET https://www.fshare.vn/file/TQYESJYYN38M6PRE
2021-02-17T17:41:04.052Z info: getting download link...
2021-02-17T17:41:04.324Z info: http://download033.fshare.vn/dl/18XD6v4Ts0d9kLUgSK9s0rqxN0SBsB1QVMp+U6AQwCeGk8HL93LtLTr5bP-ulXbJZy8b5Qn3oRtWchxV/Blood%20Moon%20Party%202020%201080p%20WEB-DL%20DDP%205.1%20H.264%20-%20HBO.mkv
2021-02-17T17:41:04.527Z info: shortenUrl: http://link1s.com/Pik6
2021-02-17T19:13:36.758Z info: 37.228.201.128 GET https://www.fshare.vn/file/STHOQDEJBMVC
2021-02-17T19:13:36.760Z info: getting download link...
2021-02-17T19:13:39.405Z info: http://download002.fshare.vn/dl/ZaJsgKVHKLf6FyDQVKAlaps212bd-XG1RoTXMYkizXs+aDfi7x3RmGAjWaF+Lx-9VL0wegfj-7b7TdSy/Tayduky1996.720.E10.mkv
2021-02-17T19:13:39.607Z info: shortenUrl: http://link1s.com/2hJcyXOd
2021-02-17T22:34:19.544Z info: 14.255.160.141 GET https://www.fshare.vn/file/GBXF2P6E9RUOJDZ
2021-02-17T22:34:19.546Z info: getting download link...
2021-02-17T22:34:20.015Z info: http://download032.fshare.vn/dl/6u9Rt4QhakQywJGsIrVJt4wb5ttms6lvAuybfHzs3LgUU8JaklDuvs0qh0OT0-BlWb-5E1-QSoZjq2tL/Too.Hot.To.Handle.S01E01.1080p.NF.WEBRip.DDP5.1.x264-EDHD.mkv
2021-02-17T22:34:20.204Z info: shortenUrl: http://link1s.com/vXihs
2021-02-17T22:35:27.716Z info: start download
2021-02-17T22:39:47.875Z info: done
2021-02-18T00:02:52.487Z info: 171.247.175.25 GET https://www.fshare.vn/file/M1YG53OV2GTG
2021-02-18T00:02:52.490Z info: getting download link...
2021-02-18T00:02:55.955Z info: http://download030.fshare.vn/dl/1VeTIYjwh+wRZXW69zUs9IwcsH0VpatnK8x8GqnrB7ayd+T5yRuPUmES6nxZAaB34K77VVvQBSgzc1z+/E01.Armed.Reaction.2021.1080p.HDTV.mkv
2021-02-18T00:02:56.178Z info: shortenUrl: http://link1s.com/vO3oyq
2021-02-18T00:04:50.453Z info: start download
2021-02-18T00:20:54.266Z info: done
2021-02-18T00:52:18.177Z info: 117.5.155.109 GET https://www.fshare.vn/file/WHEAXLXM243T
2021-02-18T00:52:18.179Z info: getting download link...
2021-02-18T00:52:20.295Z info: http://download023.fshare.vn/dl/dOtWI6Doj9TYpEcN4zbEdPW+sTp3GypwX6+euVMlO-PRDwLB+PGu7QEvU7rcSOgzylFTUah5b68Xug-f/02.CEO%20VinaLink%20chia%20s%E1%BA%BB%20c%C3%A1ch%20l%C3%A0m%20Marketing%20tr%C3%AAn%20Facebook%20t%E1%BB%AB%20A-Z.rar
2021-02-18T00:52:20.522Z info: shortenUrl: http://link1s.com/UnRL7l
2021-02-18T00:53:10.731Z info: start download
2021-02-18T00:54:08.995Z info: done
2021-02-18T01:22:43.528Z info: 113.167.65.35 GET https://www.fshare.vn/file/XPGUPNTZ6L7W
2021-02-18T01:22:43.530Z info: getting download link...
2021-02-18T01:22:45.439Z info: http://download039.fshare.vn/dl/csFilQd48DsXDgMMGIJ-6ixKeorVUhal4AllsCAlrdmzi4tn5mBms5BGsF1fa+7EWVdj1-VdYK1XIKeH/Part1.zip
2021-02-18T01:22:45.629Z info: shortenUrl: http://link1s.com/d7Mrom
2021-02-18T01:22:49.397Z info: 113.167.65.35 GET https://www.fshare.vn/file/5FEFQ6BTUL4I
2021-02-18T01:22:49.398Z info: getting download link...
2021-02-18T01:22:49.678Z info: http://download048.fshare.vn/dl/xzjdPPCnqpprQStskZRI4OE4iAcUrm8r5tc6cnGuhO7-7D3j4RZ4hzU29QnR1wshoiK2aTQucFH6qp2H/Part2.zip
2021-02-18T01:22:49.848Z info: shortenUrl: http://link1s.com/DhdA
2021-02-18T01:23:45.789Z info: start download
2021-02-18T01:36:31.766Z info: done
2021-02-18T02:28:53.582Z info: 171.229.237.215 GET https://www.fshare.vn/file/IM983EKBKL3C
2021-02-18T02:28:53.585Z info: getting download link...
2021-02-18T02:28:53.934Z info: http://download031.fshare.vn/dl/j1RzCqjreAxVvEzjHEw-9lUCAR7tcXvq3lXLupHlRaK5cftYEiyWI3MoRv-lrPP3OpXwM2QnRJTawfHW/Mr.Queen.S01E19.ViE.1080p.WEB-DL.H264.AAC-AppleTor.mkv
2021-02-18T02:28:54.162Z info: shortenUrl: http://link1s.com/wlcABmB
2021-02-18T02:29:52.782Z info: start download
2021-02-18T02:30:16.441Z info: 171.229.237.215 GET https://www.fshare.vn/file/3I1DFQ8KVIMB
2021-02-18T02:30:16.445Z info: getting download link...
2021-02-18T02:30:17.834Z info: http://download028.fshare.vn/dl/FEjrNG4-qvRXW3LzCg45eijTHIFQzi6rXKVzEUi8ZB4MRiuM3vIJRYMQvy1tIqhKjQ1Sh2w2-giPExry/Mr.Queen.S01E20.ViE.1080p.WEB-DL.H264.AAC-AppleTor.mkv
2021-02-18T02:30:18.058Z info: shortenUrl: http://link1s.com/z8PQnP
2021-02-18T02:31:32.701Z info: start download
2021-02-18T02:35:56.290Z info: done
2021-02-18T02:39:13.785Z info: done
2021-02-18T02:46:59.622Z info: 125.235.235.251 GET https://www.fshare.vn/file/LVEZKJS3OXDS
2021-02-18T02:46:59.624Z info: getting download link...
2021-02-18T02:46:59.987Z info: http://download005.fshare.vn/dl/uVbYAxGGQgZK-Gq-DUJFCeXXQYa8W513FYi2ZTdLEAblfqKbQEjIUGpVT9DJZAYumVkHxStsyJ-2OoW3/Sisyphus.The.Myth.S01E01.1080p.NF.WEB-DL.DDP2.0.x264-Imagine.mkv
2021-02-18T02:47:00.222Z info: shortenUrl: http://link1s.com/Tgl5ZRU
2021-02-18T02:47:20.489Z info: start download
2021-02-18T02:51:26.460Z info: 183.91.2.201 GET https://www.fshare.vn/file/MYO7RVUF7IQT
2021-02-18T02:51:26.467Z info: getting download link...
2021-02-18T02:51:28.490Z info: http://download046.fshare.vn/dl/3PDNNAJWbjVbpzHa15655fUMvN8-ilDzIuXDegN6Z4EGTNxXo1X8t5UUbgFEi9GpggvL5W5TOBVeuSN+/Paul%20Mauriat%20-%20Forever%20And%20Ever%20%281973%29_DSD128.rar
2021-02-18T02:51:28.726Z info: shortenUrl: http://link1s.com/leAQ
2021-02-18T02:52:21.865Z info: start download
2021-02-18T02:52:22.039Z info: done
2021-02-18T02:52:22.118Z info: start download
2021-02-18T02:53:04.631Z info: done
2021-02-18T02:57:27.186Z info: done
2021-02-18T03:02:17.394Z info: 183.91.2.201 GET https://www.fshare.vn/file/37E8M6QX5NJH
2021-02-18T03:02:17.396Z info: getting download link...
2021-02-18T03:02:17.793Z info: http://download036.fshare.vn/dl/XYI-kvis6oCDQi5DjczDU2dBtIXtjceRqn+Fw6Dn9mgiezW4Y1zybTdq4lx3yNIapp+Jp-9ME4zgqB7n/Paul%20Mauriat%20-%20Gone%20Is%20Love%20%281970%29_DSD128.rar
2021-02-18T03:02:17.996Z info: shortenUrl: http://link1s.com/29nvteg
2021-02-18T03:03:55.802Z info: start download
2021-02-18T03:08:58.958Z info: 183.81.24.15 GET https://www.fshare.vn/file/TE7L28OJCUYX
2021-02-18T03:08:58.961Z info: getting download link...
2021-02-18T03:08:59.348Z info: http://download036.fshare.vn/dl/0kpcTPYtIv0+SAz2n44H+c3BLU-iH5FMUiTUBTF0-YBWAnolL+8uZg9FkUPjlmUBfqGjQ9N7b2QPoixq/PRED-233.mp4
2021-02-18T03:08:59.530Z info: shortenUrl: http://link1s.com/Jml2p
2021-02-18T03:10:33.332Z info: 125.212.159.106 GET https://www.fshare.vn/file/V74MIFAYMZTV
2021-02-18T03:10:33.334Z info: getting download link...
2021-02-18T03:10:34.175Z info: http://download003.fshare.vn/dl/6HwWu28DnRMlRQKHTnfhTW8DmPLosPvltJ55L5vjP8zomp+4A52v+QYYFVptNF2CZr07tLxIjCEnRKNA/10.Cloverfield.Lane.2016.720p.HDRip.MkvCage.mkv
2021-02-18T03:10:34.391Z info: shortenUrl: http://link1s.com/4UWzSu
2021-02-18T03:11:00.552Z info: start download
2021-02-18T03:11:03.398Z info: done
2021-02-18T03:11:04.182Z info: start download
2021-02-18T03:11:16.826Z info: done
2021-02-18T03:16:57.591Z info: 183.81.24.15 GET https://www.fshare.vn/file/TE7L28OJCUYX
2021-02-18T03:16:57.594Z info: getting download link...
2021-02-18T03:16:57.964Z info: http://download036.fshare.vn/dl/TKLQAXBgye0PiO2douO0T3Jnw-ppfWwNrvEbAhymsIzhFuFK5eQr4QMCq+TYdoKGmIos2kg6B93HLm6m/PRED-233.mp4
2021-02-18T03:16:58.205Z info: shortenUrl: http://link1s.com/5bq3M
2021-02-18T03:17:43.581Z info: 8.21.11.115 GET https://www.fshare.vn/file/VKVGECA25BSVPNS
2021-02-18T03:17:43.585Z info: getting download link...
2021-02-18T03:17:45.868Z info: http://download047.fshare.vn/dl/u+YKNwA6bhpF7MPm+F-2TN37uAEo465I84cLucD0OQr7iqazXOqrA50l94Y04xWxVB2ZIrOKd+7yJaSE/War%202002%201080p%20WEB-DL%20DD5.1%20H.264-NOGRP.mkv
2021-02-18T03:17:46.097Z info: shortenUrl: http://link1s.com/89Fy8rL
2021-02-18T03:17:56.224Z info: start download
2021-02-18T03:17:56.364Z info: done
2021-02-18T03:17:56.433Z info: start download
2021-02-18T03:20:12.599Z info: 171.236.49.166 GET https://www.fshare.vn/file/VKVGECA25BSVPNS
2021-02-18T03:20:12.606Z info: getting download link...
2021-02-18T03:20:12.982Z info: http://download047.fshare.vn/dl/bBoVAVhOpa-YFb-nLDTW8y7Q3kF4Z1CPXNNVzlG3pd2E0dQIrE6ifwYHhOd5-+VXbpMh-wMaxy9pJ2Xc/War%202002%201080p%20WEB-DL%20DD5.1%20H.264-NOGRP.mkv
2021-02-18T03:20:13.199Z info: shortenUrl: http://link1s.com/ObYqsm8Y
2021-02-18T03:21:15.886Z info: done
2021-02-18T03:21:44.485Z info: start download
2021-02-18T03:21:47.201Z info: done
2021-02-18T03:21:49.038Z info: start download
2021-02-18T03:21:51.121Z info: 125.212.159.106 GET https://www.fshare.vn/file/VL4FJ5UKYU5T
2021-02-18T03:21:51.123Z info: getting download link...
2021-02-18T03:21:51.464Z info: http://download016.fshare.vn/dl/52dSWETda0BLeqOPDpknKQPy6ft6MHyVRK8OYkeedFUlpCG-6sZnZF4YznLLbeZSPKsr8Ui8feBCEA8V/Ti%E1%BA%BFng-H%C3%A0n-S%C6%A1-C%E1%BA%A5p-Cho-Ng%C6%B0%E1%BB%9Di-M%E1%BB%9Bi.zip
2021-02-18T03:21:51.697Z info: shortenUrl: http://link1s.com/dtUjtx9
2021-02-18T03:22:06.013Z info: start download
2021-02-18T03:22:06.231Z info: done
2021-02-18T03:22:06.291Z info: start download
2021-02-18T03:22:55.767Z info: 171.236.49.166 GET https://www.fshare.vn/file/VKVGECA25BSVPNS
2021-02-18T03:22:55.773Z info: getting download link...
2021-02-18T03:22:59.370Z info: http://download047.fshare.vn/dl/ova9DNOKK4saELeg9ZBZqAdXV6PO9KnlkBu45mEdxPZ4CSj1EHOMGfsK2bX-3mXIpG1YTrRbNbmQ4v7c/War%202002%201080p%20WEB-DL%20DD5.1%20H.264-NOGRP.mkv
2021-02-18T03:22:59.610Z info: shortenUrl: http://link1s.com/vUPJ
2021-02-18T03:24:18.500Z info: start download
2021-02-18T03:26:24.817Z info: 117.5.155.109 GET https://www.fshare.vn/file/WHEAXLXM243T
2021-02-18T03:26:24.827Z info: getting download link...
2021-02-18T03:26:25.197Z info: http://download023.fshare.vn/dl/gLtgu3y-tbv6CnAV6gNvXwPH+7NERFa3vE6w8k4LFuMznz2jdO8QI0r3ShScGVdTDy0j8NCYyQX8VEbf/02.CEO%20VinaLink%20chia%20s%E1%BA%BB%20c%C3%A1ch%20l%C3%A0m%20Marketing%20tr%C3%AAn%20Facebook%20t%E1%BB%AB%20A-Z.rar
2021-02-18T03:26:25.447Z info: shortenUrl: http://link1s.com/2N1WCLAy
2021-02-18T03:27:15.044Z info: start download
2021-02-18T03:28:09.205Z info: done
2021-02-18T03:29:04.334Z info: done
2021-02-18T03:29:04.477Z info: start download
2021-02-18T03:29:40.302Z info: start download
2021-02-18T03:29:43.498Z info: done
2021-02-18T03:30:47.136Z info: 171.233.202.133 GET https://www.fshare.vn/file/RY7UCWADQB5G
2021-02-18T03:30:47.154Z info: getting download link...
2021-02-18T03:30:47.526Z info: http://download044.fshare.vn/dl/1r7b79L1C75g9R3pH3f7LQd7QHioGdNP3sKVox+lRdfvsWVM5Mg-W8wm9L4Jk+xfkKNmjoQ7a63W-IRb/TienIchMayTinh.Net___Win10_1809Oct_English_x32.rar
2021-02-18T03:30:47.747Z info: shortenUrl: http://link1s.com/XKOJrRHz
2021-02-18T03:31:05.612Z info: start download
2021-02-18T03:31:06.041Z info: done
2021-02-18T03:31:06.227Z info: start download
2021-02-18T03:31:19.913Z info: done
2021-02-18T03:31:21.981Z info: done
2021-02-18T03:34:18.064Z info: done
2021-02-18T03:42:25.506Z info: 125.212.159.106 GET https://www.fshare.vn/file/7IR1I8DUUIRX
2021-02-18T03:42:25.512Z info: getting download link...
2021-02-18T03:42:33.300Z info: http://download029.fshare.vn/dl/vd75dsqb9jeO5Jc4EeM7k4luK5ht9uqYxglt9zQM-Wun-fj6B68eriioDpwm6TYCU-5bHT7P1CQtiUBl/Part1.zip
2021-02-18T03:42:33.596Z info: shortenUrl: http://link1s.com/974a
2021-02-18T03:42:46.915Z info: start download
2021-02-18T03:42:47.108Z info: done
2021-02-18T03:42:47.192Z info: start download
2021-02-18T03:43:21.595Z info: 125.212.159.106 GET https://www.fshare.vn/file/GX14551FRAV9
2021-02-18T03:43:21.604Z info: getting download link...
2021-02-18T03:43:32.066Z info: http://download047.fshare.vn/dl/SwHTer+UzO2jXFSBYU0uFWOqRlxYR3HpnpFrCtZ6kgdCS16QetTSHrfwR-w9XnnMm2wHot708bfPC8+9/Part2.zip
2021-02-18T03:43:32.287Z info: shortenUrl: http://link1s.com/zmHmebn
2021-02-18T03:45:32.952Z info: start download
2021-02-18T03:45:34.203Z info: done
2021-02-18T03:45:34.309Z info: start download
2021-02-18T03:45:59.616Z info: 171.247.165.211 GET https://www.fshare.vn/file/NIAKQQ7GEGQ3
2021-02-18T03:45:59.622Z info: getting download link...
2021-02-18T03:46:00.037Z info: http://download039.fshare.vn/dl/IyKB8jZbuF-Reud1D6lfqxfmS--oEjc6TJ9jQu7BtNZvzXdJ5aiLTunXOQCXwOnHat756tzl-wF+5f7L/_%5BMr%5D.TuAn_%C2%AE-idm6.38.17fixed.rar
2021-02-18T03:46:00.291Z info: shortenUrl: http://link1s.com/6b4tpJB0
2021-02-18T03:46:14.577Z info: start download
2021-02-18T03:46:16.799Z info: done
2021-02-18T03:46:17.947Z info: start download
2021-02-18T03:46:19.342Z info: done
2021-02-18T03:53:48.865Z info: done
2021-02-18T03:57:49.839Z info: done
2021-02-18T03:59:13.435Z info: 27.78.28.143 GET https://www.fshare.vn/file/OZMXKQRC4ASUOJF
2021-02-18T03:59:13.438Z info: getting download link...
2021-02-18T03:59:13.819Z info: http://download023.fshare.vn/dl/9xElB0p8AcXmh8pqzdpGKwAU0uwy1XQfTOpvk9-BE5kXcyQdkIHNkFbKG1t-ooXtP82ihwNeqICBJl2I/ABP-147-uncensored.mp4
2021-02-18T03:59:14.035Z info: shortenUrl: http://link1s.com/XLeIQnb
2021-02-18T03:59:29.505Z info: start download
2021-02-18T04:00:08.035Z info: 27.78.28.143 GET https://www.fshare.vn/file/UE3ZG3Q59IL4HVP
2021-02-18T04:00:08.041Z info: getting download link...
2021-02-18T04:00:08.395Z info: http://download023.fshare.vn/dl/Q72NkOUrm3BrQNgpk2nO4iS+3SYB9wKoJ5JuB0JKhhEsq9qpHgtwgN6GVU-lL4XG-Zkvp2zXVd+GyBqj/SNIS-800.mkv
2021-02-18T04:00:08.600Z info: shortenUrl: http://link1s.com/NR1Sf
2021-02-18T04:00:19.859Z info: start download
2021-02-18T04:08:34.700Z info: done
2021-02-18T04:09:55.097Z info: done
2021-02-18T04:15:00.622Z info: 116.111.224.198 GET https://www.fshare.vn/file/LKQQ9QMM244Z
2021-02-18T04:15:00.625Z info: getting download link...
2021-02-18T04:15:01.051Z info: http://download042.fshare.vn/dl/HdSOAKrfLdwekHlWf3-BiIYAbxR-mTHNG7RWlsszH8tyzBezYXowEM4YNdwrkXmJSqeNwx0QqIO5X7hE/20160822175445.m2ts
2021-02-18T04:15:01.286Z info: shortenUrl: http://link1s.com/px5V
2021-02-18T04:27:05.032Z info: 202.87.221.138 GET https://www.fshare.vn/file/M6OLRQ57CRLCO6H
2021-02-18T04:27:05.041Z info: getting download link...
2021-02-18T04:27:05.446Z info: http://download046.fshare.vn/dl/gdCZAQPpDP5ZbKN5-8UqAMCmNQepOnjxqcZ6WVgmONW2lT8IInuwCrX2U938du1xbyvTWVHmo7wrzYd-/OAE-101.mp4
2021-02-18T04:27:05.639Z info: shortenUrl: http://link1s.com/qJMzF
2021-02-18T04:27:21.583Z info: start download
2021-02-18T04:27:32.656Z info: 202.87.221.138 GET https://www.fshare.vn/file/5MIBSR9M6MCMT1C
2021-02-18T04:27:32.658Z info: getting download link...
2021-02-18T04:27:34.863Z info: http://download005.fshare.vn/dl/fyuQ7xUFVTpElB02tACdwIvHXM6JLiQqFB7q5AxnnthMqa+ebWWspu5Vloza43JwHHnS8MXPb4Tk1eq+/SSNI-301%20B%E1%BA%AFt%20c%C3%B3c%20hi%E1%BA%BFp%20d%C3%A2m%20thi%C3%AAn%20th%E1%BA%A7n%20Yua%20Mikami%20vietsub.mp4
2021-02-18T04:27:35.070Z info: shortenUrl: http://link1s.com/6Q3DIAkn
2021-02-18T04:27:45.557Z info: start download
2021-02-18T04:44:34.436Z info: 27.78.28.143 GET https://www.fshare.vn/file/5MIBSR9M6MCMT1C
2021-02-18T04:44:34.440Z info: getting download link...
2021-02-18T04:44:34.868Z info: http://download005.fshare.vn/dl/EkjYCrqlKnxbCzToYSUix9qH+TSPpdr1gCTeBNxPiUPgg3cS0E803e7JNOxWYGU-rPWJub+-HYxign-D/SSNI-301%20B%E1%BA%AFt%20c%C3%B3c%20hi%E1%BA%BFp%20d%C3%A2m%20thi%C3%AAn%20th%E1%BA%A7n%20Yua%20Mikami%20vietsub.mp4
2021-02-18T04:44:35.096Z info: shortenUrl: http://link1s.com/OpFBksjD
2021-02-18T04:44:46.585Z info: start download
2021-02-18T04:45:00.189Z info: 27.78.28.143 GET https://www.fshare.vn/file/ZKM7R1LLYSPZLNA
2021-02-18T04:45:00.194Z info: getting download link...
2021-02-18T04:45:00.620Z info: http://download022.fshare.vn/dl/B4bPhSB7a5z8tRK8xMThmbAvcwr4vvHhgwc5U87kLshEcdmZoy4GbJkDgH-WnpOujEvvbVM4HSh4Aiaw/SSNI-205%20Masage%20k%C3%ADch%20d%E1%BB%A5c%20g%C3%A1i%20xinh%20Yua%20Mikami%20vietsub%20HD.mp4
2021-02-18T04:45:00.820Z info: shortenUrl: http://link1s.com/kqgf
2021-02-18T04:45:09.250Z info: start download
2021-02-18T04:45:16.008Z info: done
2021-02-18T04:45:24.200Z info: done
2021-02-18T04:54:43.172Z info: done
2021-02-18T05:14:17.232Z info: done
2021-02-18T05:29:09.445Z info: 42.112.192.169 GET https://www.fshare.vn/file/TQYESJYYN38M6PRE
2021-02-18T05:29:09.447Z info: getting download link...
2021-02-18T05:29:09.868Z info: http://download033.fshare.vn/dl/tj7e99PpEigEP8C2fdQW+EYBYnyK6ukg7k0Jm783UtjUi6TUG1ci1du5GtByXcj7VoWoPuOedEYXj3oW/Blood%20Moon%20Party%202020%201080p%20WEB-DL%20DDP%205.1%20H.264%20-%20HBO.mkv
2021-02-18T05:29:10.041Z info: shortenUrl: http://link1s.com/UHrRNQ
2021-02-18T06:15:49.775Z info: 14.232.204.113 GET https://www.fshare.vn/file/TQYESJYYN38M6PRE
2021-02-18T06:15:49.778Z info: getting download link...
2021-02-18T06:15:50.390Z info: http://download033.fshare.vn/dl/KmFe+Ns72c2c7Eq27X+lvqYj4aGj0iFraMyeQN5xqE8W-WBERQvHrdqpV6Z4JYk9TGhEeY9OVLg7qzFC/Blood%20Moon%20Party%202020%201080p%20WEB-DL%20DDP%205.1%20H.264%20-%20HBO.mkv
2021-02-18T06:15:50.688Z info: shortenUrl: http://link1s.com/t4WlKR
2021-02-18T06:16:29.038Z info: 14.232.204.113 GET https://www.fshare.vn/file/TQYESJYYN38M6PRE
2021-02-18T06:16:29.041Z info: getting download link...
2021-02-18T06:16:34.676Z info: http://download033.fshare.vn/dl/LZkd9LxDE4mnwfMFS0yOmv-lle3qEq7WbDn0IV8wao99DXyNbjC1LygRmCfJYwy571Yrf7HUrlO7F2pR/Blood%20Moon%20Party%202020%201080p%20WEB-DL%20DDP%205.1%20H.264%20-%20HBO.mkv
2021-02-18T06:16:34.954Z info: shortenUrl: http://link1s.com/N0m9qAXt
2021-02-18T06:17:42.382Z info: start download
2021-02-18T06:17:59.330Z info: 171.251.234.232 GET https://www.fshare.vn/file/TQYESJYYN38M6PRE
2021-02-18T06:17:59.358Z info: getting download link...
2021-02-18T06:17:59.869Z info: http://download033.fshare.vn/dl/vM+ST2XdsZizdVOJO-SmdnOgUgQTiVCR1PTfBCOmffvp5J8njqYXjIhZyXk+79C0odGBMp1MR+Gp+GVV/Blood%20Moon%20Party%202020%201080p%20WEB-DL%20DDP%205.1%20H.264%20-%20HBO.mkv
2021-02-18T06:18:00.135Z info: shortenUrl: http://link1s.com/o6FI
2021-02-18T06:19:05.557Z info: start download
2021-02-18T06:28:03.934Z info: 40.83.97.90 GET https://www.fshare.vn/file/TD469IJWL25B
2021-02-18T06:28:03.942Z info: getting download link...
2021-02-18T06:28:04.461Z info: http://download025.fshare.vn/dl/ZPHQy1f2C7duU++Mwdhye383+l3MXygwuHb3tlEtzghPIvjZ+6giLk-PqZLhPA09A8HRKFHDn7WzVBd4/R%C3%B2m%202020%201080p%20WEB-DL%20DDP5.1%20H264-PLy.mkv
2021-02-18T06:28:04.660Z info: shortenUrl: http://link1s.com/KAn93
2021-02-18T06:29:25.014Z info: start download
2021-02-18T06:30:13.556Z info: 183.81.24.15 GET https://www.fshare.vn/file/ZQFPXAAERHQ2
2021-02-18T06:30:13.567Z info: getting download link...
2021-02-18T06:30:15.989Z info: http://download020.fshare.vn/dl/m-Hyk0MCAvDlVaXEbAnbqcS2iZdWCYmutB2cUUgPWOD8tr32KltH62Q+9AqN9zr-D+NK4lIB5Dy-MioE/PRED-206.mp4
2021-02-18T06:30:16.252Z info: shortenUrl: http://link1s.com/g2LraYSi
2021-02-18T06:30:32.172Z info: done
2021-02-18T06:31:04.223Z info: start download
2021-02-18T06:31:04.447Z info: done
2021-02-18T06:31:04.496Z info: start download
2021-02-18T06:31:11.517Z info: 14.243.31.185 GET https://www.fshare.vn/file/TQYESJYYN38M6PRE
2021-02-18T06:31:11.522Z info: getting download link...
2021-02-18T06:31:11.997Z info: http://download802.fshare.vn/dl/MookuANZ1MT8wN8HtS763zRWYGJjecvW0r2wkMH5Q89mDG1pbrpuQc8Uu+ZTLXhOFUZJxunQdbzB2BaL/Blood%20Moon%20Party%202020%201080p%20WEB-DL%20DDP%205.1%20H.264%20-%20HBO.mkv
2021-02-18T06:31:12.228Z info: shortenUrl: http://link1s.com/q4udLBO8
2021-02-18T06:31:26.381Z info: 14.243.31.185 GET https://www.fshare.vn/file/TQYESJYYN38M6PRE
2021-02-18T06:31:26.388Z info: getting download link...
2021-02-18T06:31:26.909Z info: http://download802.fshare.vn/dl/xF0Cl0GR2AmDKUBW9dvZ5tBCAtsSQxQFpkq98xiNS+-PigwQNyu96dytHGtkDP91hg3hLam5qKMMTdjC/Blood%20Moon%20Party%202020%201080p%20WEB-DL%20DDP%205.1%20H.264%20-%20HBO.mkv
2021-02-18T06:31:27.163Z info: shortenUrl: http://link1s.com/HLe3
2021-02-18T06:34:34.134Z info: start download
2021-02-18T06:35:10.974Z info: done
2021-02-18T06:43:08.037Z info: done
2021-02-18T06:45:47.505Z info: done
2021-02-18T06:46:01.362Z info: done
2021-02-18T07:16:16.612Z info: 183.81.24.15 GET https://www.fshare.vn/file/B23YBFX5K82E
2021-02-18T07:16:16.618Z info: getting download link...
2021-02-18T07:16:20.186Z info: http://download036.fshare.vn/dl/r8HdNuUoOaJiyUjO77FvZnu1TyAQsGILKoCHgV4Y7VI9gCOIPzimQPR5x6VSrdhAM1VbwNGE9rrCP2E+/OLFS%20PRED-185.mp4
2021-02-18T07:16:20.454Z info: shortenUrl: http://link1s.com/bhxRh
2021-02-18T07:17:35.269Z info: start download
2021-02-18T07:17:35.458Z info: done
2021-02-18T07:17:35.514Z info: start download
2021-02-18T07:20:38.476Z info: 27.71.109.63 GET https://www.fshare.vn/file/454SHORHSC1R
2021-02-18T07:20:38.493Z info: getting download link...
2021-02-18T07:20:38.975Z info: http://download025.fshare.vn/dl/jequMkc39aUIXzas0sxYDQeqQX9oW2bA3ZBvdoDmOkhCGicFkjfSAJTI9p3D5ktmJb88Td87D8chmLyw/thuthuat.dianguc.info-Ableton.Live.Suite.10.0.5.rar
2021-02-18T07:20:39.205Z info: shortenUrl: http://link1s.com/CaT42an
2021-02-18T07:21:05.221Z info: start download
2021-02-18T07:21:23.382Z info: 27.71.109.63 GET https://www.fshare.vn/file/454SHORHSC1R
2021-02-18T07:21:23.389Z info: getting download link...
2021-02-18T07:21:25.097Z info: http://download025.fshare.vn/dl/dBmZTbdhx+lpTGu45zTs3Bjz6-ITRDtzGxMpX8XBDow16wGNN7f-cPW0JqrlpSD4CqhMGqDoCVs3Ie8C/thuthuat.dianguc.info-Ableton.Live.Suite.10.0.5.rar
2021-02-18T07:21:25.327Z info: shortenUrl: http://link1s.com/Rz3q
2021-02-18T07:21:44.807Z info: start download
2021-02-18T07:24:24.973Z info: done
2021-02-18T07:25:04.157Z info: 112.197.119.248 GET https://www.fshare.vn/file/454SHORHSC1R
2021-02-18T07:25:04.169Z info: getting download link...
2021-02-18T07:25:07.766Z info: http://download025.fshare.vn/dl/jUAxipT3eca3LiYS+nWMXUkdNRs5wr7np65HkDOLSBHxEYAwYpRqzXEtuKKaSZg4nQWAUWEhVQ4hW+dj/thuthuat.dianguc.info-Ableton.Live.Suite.10.0.5.rar
2021-02-18T07:25:08.032Z info: shortenUrl: http://link1s.com/FlsD
2021-02-18T07:26:07.428Z info: start download
2021-02-18T07:28:37.755Z info: done
2021-02-18T07:37:07.690Z info: done
2021-02-18T07:42:21.046Z info: done
2021-02-18T07:44:05.500Z info: 115.79.35.3 GET https://www.fshare.vn/file/TQYESJYYN38M6PRE
2021-02-18T07:44:05.506Z info: getting download link...
2021-02-18T07:44:13.331Z info: http://download033.fshare.vn/dl/eP2yrRqciOdBBGaOEbdBnqQJKy-aAlMS0coCo5j7i+rj-HyWiHAhSnC1ysdhh5haUOVV9SRwfmBc-jru/Blood%20Moon%20Party%202020%201080p%20WEB-DL%20DDP%205.1%20H.264%20-%20HBO.mkv
2021-02-18T07:44:13.535Z info: shortenUrl: http://link1s.com/Y3Mc0nDt
2021-02-18T07:54:39.129Z info: 125.212.159.106 GET https://www.fshare.vn/file/TQYESJYYN38M6PRE
2021-02-18T07:54:39.136Z info: getting download link...
2021-02-18T07:54:39.685Z info: http://download033.fshare.vn/dl/kT+YZGa89aMArpkN8EsCCkP9dZAHgNEzOeW8kfwdSFvmHZbmMxDdU4Y6kNEldkZ227LXYn7GOqksOC0x/Blood%20Moon%20Party%202020%201080p%20WEB-DL%20DDP%205.1%20H.264%20-%20HBO.mkv
2021-02-18T07:54:39.974Z info: shortenUrl: http://link1s.com/niULm
2021-02-18T07:57:11.084Z info: start download
2021-02-18T07:57:11.268Z info: done
2021-02-18T07:57:11.350Z info: start download
2021-02-18T07:57:47.730Z info: done
2021-02-18T08:32:31.599Z info: 1.55.205.96 GET https://www.fshare.vn/file/IQVWM7R2LN6N
2021-02-18T08:32:31.606Z info: getting download link...
2021-02-18T08:32:35.123Z info: http://download037.fshare.vn/dl/agwgh6G5ZNZvIQ-d7T3z7la1nZURdZRKmnquag2i9l-8HSgZ1S2UvuyDLh3piboWUNYGR1bxAn+kLhoH/David%20Dubnitskiy.rar
2021-02-18T08:32:35.352Z info: shortenUrl: http://link1s.com/dD7k
2021-02-18T08:34:33.398Z info: start download
2021-02-18T08:34:34.132Z info: done
2021-02-18T08:34:34.270Z info: start download
2021-02-18T08:34:50.736Z info: done
2021-02-18T08:37:12.265Z info: 27.73.0.86 GET https://www.fshare.vn/file/VHHQX6UFAT4Q
2021-02-18T08:37:12.275Z info: getting download link...
2021-02-18T08:37:12.816Z info: http://download037.fshare.vn/dl/wcoXqFSamdiM5LFSQbur1AvH7AGDxiTWS57ZHhaY+2GfJuLSPuzqGEx8tz+hzmzubU1PlD56gEXhNJg9/Wonder.Woman.1984.2020.720p.AMZN.WEB-DL.DDP5.1.H.264-NTG%20-%20Sub%20Viet%20Mux%20San.mkv
2021-02-18T08:37:13.083Z info: shortenUrl: http://link1s.com/DGYQFl
2021-02-18T08:38:18.856Z info: start download
2021-02-18T08:38:19.150Z info: done
2021-02-18T08:38:19.432Z info: start download
2021-02-18T08:39:09.489Z info: 14.235.141.237 GET https://www.fshare.vn/file/A819U9F2RFLE
2021-02-18T08:39:09.505Z info: getting download link...
2021-02-18T08:39:12.958Z info: http://download012.fshare.vn/dl/MmXMLINEWAycuHygTfoP2Q6fuTX6JpurUksn3zjspnbmr6VNIkZboYIMH7X4WZ9A8y1OQiW3Cf7O1zMv/IPX-557.mkv
2021-02-18T08:39:13.193Z info: shortenUrl: http://link1s.com/GilnAQ
2021-02-18T08:42:40.463Z info: start download
2021-02-18T08:51:25.740Z info: 171.225.208.235 GET https://www.fshare.vn/file/TQYESJYYN38M6PRE
2021-02-18T08:51:25.752Z info: getting download link...
2021-02-18T08:51:26.972Z info: http://download033.fshare.vn/dl/PSnGov0I94JhzgEtnQqtfAbgX5JhTUnCX08r5effSRsZltwKEjGIxc+4v0XuOFlkWgk2rk2CFQINPBNz/Blood%20Moon%20Party%202020%201080p%20WEB-DL%20DDP%205.1%20H.264%20-%20HBO.mkv
2021-02-18T08:51:27.233Z info: shortenUrl: http://link1s.com/e6QIb
2021-02-18T08:52:30.230Z info: start download
2021-02-18T08:52:42.878Z info: done
2021-02-18T08:52:43.704Z info: start download
2021-02-18T08:56:08.818Z info: done
2021-02-18T09:06:17.655Z info: done
2021-02-18T09:27:12.505Z info: done
2021-02-18T09:48:06.326Z info: unknown GET https://www.fshare.vn/file/U76Z5IS8GCZS
2021-02-18T09:48:06.328Z info: getting download link...
2021-02-18T09:48:06.876Z info: http://download040.fshare.vn/dl/dE-o9fu02TG574OSZN5KF5zZtfJMj8TOFJjnjm09Y9O5W3zVKgmPJJy9aNUS+Ydrg-hFAyZZWek15J1t/PNC_Gi%E1%BB%9Bi%20thi%E1%BB%87u%20v%C3%A0%20h%C6%B0%E1%BB%9Bng%20d%E1%BA%ABn%20c%E1%BA%A5u%20h%C3%ACnh%20Aruba%20Instant%20On%20AP11.pptx
2021-02-18T09:48:07.087Z info: shortenUrl: http://link1s.com/57DTdM
2021-02-18T09:48:41.952Z info: start download
2021-02-18T09:48:57.748Z info: done
2021-02-18T09:48:59.313Z info: start download
2021-02-18T09:49:05.649Z info: done
2021-02-18T09:49:13.534Z info: start download
2021-02-18T09:49:29.510Z info: done
2021-02-18T09:49:30.913Z info: start download
2021-02-18T09:49:36.959Z info: done
2021-02-18T10:00:37.242Z info: 113.172.51.232 GET https://www.fshare.vn/file/BH7BMZTVMA82
2021-02-18T10:00:37.244Z info: getting download link...
2021-02-18T10:00:38.236Z info: http://download004.fshare.vn/dl/WHfaYOeqQCiyYNkR6gR5GghV6s+-qYN2pP3WJ2ofXWnKKN7ocyqMaM+cg0ZiKdRtF8PAKQRuVU44jqNH/SM-N910P_N910PVPU5DQI5_SPR_HiepGia_SamsungVN.zip
2021-02-18T10:00:38.451Z info: shortenUrl: http://link1s.com/V4neE3vV
2021-02-18T10:01:02.517Z info: 116.106.16.212 GET https://www.fshare.vn/file/CMTY4D8S2JAKNDJE
2021-02-18T10:01:02.519Z info: getting download link...
2021-02-18T10:01:03.186Z info: http://download044.fshare.vn/dl/K8iqi6pCSqPN4HcMS1CxIlMzW9jP4zKsJqLCKSOdJfZ9B3XiLlo+lqF1XOT4Ug1UfZMYu8QVjN5GjuDR/TTM.rar
2021-02-18T10:01:03.412Z info: shortenUrl: http://link1s.com/W3795
2021-02-18T10:01:08.079Z info: start download
2021-02-18T10:02:40.217Z info: 116.106.16.212 GET https://www.fshare.vn/file/CMTY4D8S2JAKNDJE
2021-02-18T10:02:40.226Z info: getting download link...
2021-02-18T10:02:43.897Z info: http://download044.fshare.vn/dl/yAyWUunjxSSHdhSn62sjhCc0qCSAiFQXIA7lbJD8ZPyh3EWYuKqvXQ9PCjmBQudWa0LTsIlD3zh945bk/TTM.rar
2021-02-18T10:02:44.133Z info: shortenUrl: http://link1s.com/Hy8h5
2021-02-18T10:03:45.037Z info: start download
2021-02-18T10:16:43.659Z info: done
2021-02-18T10:21:06.854Z info: done
2021-02-18T10:55:24.684Z info: 171.225.150.117 GET https://www.fshare.vn/file/TQYESJYYN38M6PRE
2021-02-18T10:55:24.686Z info: getting download link...
2021-02-18T10:55:26.029Z info: http://download033.fshare.vn/dl/ZfNVHSg7TVtXUTxiN15-fWn6aXIw5ldNfoV3I4kI+AjpdDKHHVZiSLFcN-IMCTEIIlcBPKDMJ2qbN3Ut/Blood%20Moon%20Party%202020%201080p%20WEB-DL%20DDP%205.1%20H.264%20-%20HBO.mkv
2021-02-18T10:55:26.250Z info: shortenUrl: http://link1s.com/eYMMXUD
2021-02-18T10:56:03.740Z info: start download
2021-02-18T11:03:35.127Z info: 8.21.11.66 GET https://www.fshare.vn/file/MU6Y11QEI5SD
2021-02-18T11:03:35.134Z info: getting download link...
2021-02-18T11:03:35.741Z info: http://download041.fshare.vn/dl/Lqg7jxIlZKxcLD7iMVwt8k-wjLLuA0zvNbDUppG6vuKQ-L9v6BsAyhMDDaABM6NMSBAhEKAllwbZy1ag/Gonjiam.Haunted.Asylum.2018.1080p.HDRip.x264.SUB.mkv
2021-02-18T11:03:35.944Z info: shortenUrl: http://link1s.com/aJJYjK8K
2021-02-18T11:06:18.335Z info: start download
2021-02-18T11:07:55.962Z info: 117.5.155.109 GET https://www.fshare.vn/file/WHEAXLXM243T
2021-02-18T11:07:55.968Z info: getting download link...
2021-02-18T11:07:57.600Z info: http://download023.fshare.vn/dl/5G2zrhyoyHStGAoN9WI1exTS2VoU+Y4LJU8LRejVZJ6MyF7UE1QgfXicUtegvD83p-PAoIH1iu1yY9Sb/02.CEO%20VinaLink%20chia%20s%E1%BA%BB%20c%C3%A1ch%20l%C3%A0m%20Marketing%20tr%C3%AAn%20Facebook%20t%E1%BB%AB%20A-Z.rar
2021-02-18T11:07:57.835Z info: shortenUrl: http://link1s.com/rtmP
2021-02-18T11:08:51.458Z info: start download
2021-02-18T11:09:12.482Z info: done
2021-02-18T11:28:32.565Z info: done
2021-02-18T11:33:44.417Z info: 14.186.144.187 GET https://www.fshare.vn/file/6IOO48JPNWBK
2021-02-18T11:33:44.424Z info: getting download link...
2021-02-18T11:33:45.071Z info: http://download023.fshare.vn/dl/yVW-R6yq46LeSGU7c-cp6JX9ZTtidlnM9zCWDVsCyK+cSLGpvCnfp1zwWdQIFhcKTaSMiVMVst7Ukhem/Win10_20H2_English_x64.iso
2021-02-18T11:33:45.270Z info: shortenUrl: http://link1s.com/aa7o
2021-02-18T11:52:19.584Z info: 123.24.191.220 GET https://www.fshare.vn/file/MU6Y11QEI5SD
2021-02-18T11:52:19.590Z info: getting download link...
2021-02-18T11:52:21.777Z info: http://download041.fshare.vn/dl/S4dZ4gYSyV2arVHnymchcbGlnedy0ubSAgdn1PAApJDKcwuq1V11WpRmDs0gnCE+4Z21LedxH6gD0Phx/Gonjiam.Haunted.Asylum.2018.1080p.HDRip.x264.SUB.mkv
2021-02-18T11:52:21.995Z info: shortenUrl: http://link1s.com/51LLz
2021-02-18T11:55:49.113Z info: 14.245.37.169 GET https://www.fshare.vn/file/TQYESJYYN38M6PRE
2021-02-18T11:55:49.115Z info: getting download link...
2021-02-18T11:55:49.735Z info: http://download802.fshare.vn/dl/AMxsF9k3kHdDcVU8YlBfeq+N4FgFSkP0sXALS0Aza5VXLhU0G1KoWLXZohHA3mnkz6+CFxe-Pb4DeEQb/Blood%20Moon%20Party%202020%201080p%20WEB-DL%20DDP%205.1%20H.264%20-%20HBO.mkv
2021-02-18T11:55:49.992Z info: shortenUrl: http://link1s.com/NrRz
2021-02-18T11:56:59.608Z info: start download
2021-02-18T11:57:00.113Z info: done
2021-02-18T11:57:09.500Z info: start download
2021-02-18T12:05:36.098Z info: 123.24.191.220 GET https://www.fshare.vn/file/HD5BV5VOJDZL
2021-02-18T12:05:36.105Z info: getting download link...
2021-02-18T12:05:36.697Z info: http://download024.fshare.vn/dl/LoF3hxNx-KG9t8hDtQo3-BjXbOh62dC+oVQg9i4YczdQI1V5q+FlTtI5WhoJrgeqRWIhuEOsmxJGkkYa/ssni925.Uncen.mp4
2021-02-18T12:05:36.886Z info: shortenUrl: http://link1s.com/t5ApW
2021-02-18T12:05:37.482Z info: 123.18.114.32 GET https://www.fshare.vn/file/JVKUD1QB25AO
2021-02-18T12:05:37.485Z info: getting download link...
2021-02-18T12:05:38.299Z info: http://download044.fshare.vn/dl/AG9QI92LhzB75cgLl+5xLs+8EsFbQEXPGNjqk-d+YWdnrIPqCq7Y+3evye-zhJbl7f+9G4tHukwFTysn/GTA%20Vice%20City%20HD.rar
2021-02-18T12:05:38.597Z info: shortenUrl: http://link1s.com/pXcj
2021-02-18T12:07:16.021Z info: start download
2021-02-18T12:07:36.517Z info: 123.18.114.32 GET https://www.fshare.vn/file/JVKUD1QB25AO
2021-02-18T12:07:36.527Z info: getting download link...
2021-02-18T12:07:37.075Z info: http://download044.fshare.vn/dl/X8zOxH9yQ8KRDX48F+79aQGUGjVXxFXcQbNOTEok7rH1yriIK3pH-Y8JiKG2Eg7XFYw2JwrYfkgISa2E/GTA%20Vice%20City%20HD.rar
2021-02-18T12:07:37.290Z info: shortenUrl: http://link1s.com/E6v7nHXa
2021-02-18T12:09:25.572Z info: start download
2021-02-18T12:23:40.682Z info: done
2021-02-18T12:24:25.767Z info: 183.81.93.118 GET https://www.fshare.vn/file/TQYESJYYN38M6PRE
2021-02-18T12:24:25.772Z info: getting download link...
2021-02-18T12:24:27.815Z info: http://download033.fshare.vn/dl/oTuYDrObXJ61JqmqMsMm7ointgzxWSwsT0fnUWn6+mjgMCryK84lALUF9xkyDxHWbbiGOWwtnThNX-4b/Blood%20Moon%20Party%202020%201080p%20WEB-DL%20DDP%205.1%20H.264%20-%20HBO.mkv
2021-02-18T12:24:28.036Z info: shortenUrl: http://link1s.com/XdbPgy9
2021-02-18T12:25:10.097Z info: done
2021-02-18T12:25:18.954Z info: done
2021-02-18T12:25:35.737Z info: start download
2021-02-18T12:25:49.673Z info: done
2021-02-18T12:26:21.868Z info: 183.81.93.118 GET https://www.fshare.vn/file/TQYESJYYN38M6PRE
2021-02-18T12:26:21.870Z info: getting download link...
2021-02-18T12:26:23.302Z info: http://download033.fshare.vn/dl/KRarTHC5tLX2eFy4x2Cuc6S107RjRZ2R7qFW3znU2Y5ha90jlsWH1mUZq3JVe4UDweogX3NTZLmUYldl/Blood%20Moon%20Party%202020%201080p%20WEB-DL%20DDP%205.1%20H.264%20-%20HBO.mkv
2021-02-18T12:26:23.527Z info: shortenUrl: http://link1s.com/xgd5
2021-02-18T13:40:17.819Z info: 113.190.204.168 GET https://www.fshare.vn/file/H7AKOGZBA7VK
2021-02-18T13:40:17.822Z info: getting download link...
2021-02-18T13:40:18.549Z info: http://download012.fshare.vn/dl/XC73QkBtrtnPn0xeV3SeHs8q8a3daFjgj7-zpKXBygAvlrtL0TYem4TPRWYyZSRFmN1Pcu0Scux7-7Ev/All%20about%20Anna%20%282005%29.mkv
2021-02-18T13:40:18.784Z info: shortenUrl: http://link1s.com/5v61h
2021-02-18T13:41:24.335Z info: 113.190.204.168 GET https://www.fshare.vn/file/H7AKOGZBA7VK
2021-02-18T13:41:24.337Z info: getting download link...
2021-02-18T13:41:35.357Z info: http://download012.fshare.vn/dl/7oHlDIPVohUC5vKAkDbBC6DXthxUTkx8borWS+2N4jWQ5JzbZQQzgXsoSY3-oOTdNwU-qdr7oWvzUTmV/All%20about%20Anna%20%282005%29.mkv
2021-02-18T13:41:35.572Z info: shortenUrl: http://link1s.com/oFewtju
2021-02-18T13:42:04.057Z info: 27.76.31.86 GET https://www.fshare.vn/file/ZRK9CO5CZQGR
2021-02-18T13:42:04.059Z info: getting download link...
2021-02-18T13:42:14.976Z info: http://download021.fshare.vn/dl/jS1sxaAPHZLCJokQlxKTJWfTcnb69qPUFbWXcfCFBpuJBNR40DtKeITJucbmBWu7Y5PD8OgdoEaTs+EG/Win10x32_Lite.iso
2021-02-18T13:42:15.187Z info: shortenUrl: http://link1s.com/jAF64g
2021-02-18T13:43:01.399Z info: start download
2021-02-18T13:43:40.295Z info: 27.76.31.86 GET https://www.fshare.vn/file/ZRK9CO5CZQGR
2021-02-18T13:43:40.304Z info: getting download link...
2021-02-18T13:43:40.950Z info: http://download021.fshare.vn/dl/bo8uNOE8kRMn65sLk8mNThdSzHgfoU9nL2bxiwmHl3rSTZMKzWTBwXqQvHqYzp5uobK5palHQiEt4qUa/Win10x32_Lite.iso
2021-02-18T13:43:41.145Z info: shortenUrl: http://link1s.com/DgfvL
2021-02-18T13:46:26.158Z info: done
2021-02-18T13:52:41.607Z info: 5.181.233.228 GET https://www.fshare.vn/file/QUUF8L4FLF4Y
2021-02-18T13:52:41.614Z info: getting download link...
2021-02-18T13:52:42.183Z info: http://download023.fshare.vn/dl/eZqKMYUXirms4o6FZnawFbDlGCrODuItENVTbIpO7AI2AzZGXU7lTBXJXunyhEKglD+J6QM7rlxkONQB/Monster.Hunter.2020.1080p.WEBRip.DD5.1.x264-CM-VietSub.mkv
2021-02-18T13:52:42.394Z info: shortenUrl: http://link1s.com/UR4IaP
2021-02-18T13:58:08.917Z info: 123.28.250.38 GET https://www.fshare.vn/file/LHD454X12W6U
2021-02-18T13:58:08.924Z info: getting download link...
2021-02-18T13:58:13.025Z info: http://download017.fshare.vn/dl/rqXmeGqwVeJsl5j2zJYIzy6iYPomiSQIUnTpQcsk-F+Y3aClh3WKOL-UgUJHz7HMLio-zGrhjkBWu34U/Win-10-Pro-2009-NS-64-v70-21AK22-COM.iso
2021-02-18T13:58:13.256Z info: shortenUrl: http://link1s.com/n1r4
2021-02-18T13:59:01.544Z info: start download
2021-02-18T13:59:54.867Z info: done
2021-02-18T14:04:08.716Z info: start download
2021-02-18T14:04:09.254Z info: done
2021-02-18T14:04:09.748Z info: start download
2021-02-18T14:09:26.634Z info: 116.108.147.135 GET http://www.fshare.vn/file/9XQKCO5GJ4NN
2021-02-18T14:09:26.642Z info: getting download link...
2021-02-18T14:09:27.327Z info: http://download012.fshare.vn/dl/9jQeHAK6R3Ew3PVaZQpeC5b+rwNKJSkdCX7Ddn8bbpioRUc71Gv7L1Z8hoiHmCPRbFtfrr2UHg0rvi7H/Tet2020.rar
2021-02-18T14:09:27.542Z info: shortenUrl: http://link1s.com/m8OAD
2021-02-18T14:09:28.524Z info: 117.5.38.231 GET https://www.fshare.vn/file/DXADP7JWN9ZZ
2021-02-18T14:09:28.525Z info: getting download link...
2021-02-18T14:09:29.110Z info: http://download039.fshare.vn/dl/lAu4Xsz5LEgGlt1zg+cyFPKywQ5CUvONSfrOu2+yI7aIigum2Nr76YaCCEV6VOo1Xwb+wtNJgolq7eqx/2.mp4
2021-02-18T14:09:29.332Z info: shortenUrl: http://link1s.com/WytonTB1
2021-02-18T14:09:47.181Z info: start download
2021-02-18T14:09:48.997Z info: done
2021-02-18T14:09:49.097Z info: start download
2021-02-18T14:09:59.463Z info: done
2021-02-18T14:11:03.903Z info: 117.5.38.231 GET https://www.fshare.vn/file/18S2NQI4Q1QB
2021-02-18T14:11:03.910Z info: getting download link...
2021-02-18T14:11:06.674Z info: http://download035.fshare.vn/dl/x5pZ6SmjRAgJATgQ+HQYZnwYnTbYle3J7A0WNVreCmepUBbV1R2zu327JqoCDXqcDa5YGTAhQ-tpszyC/4.mp4
2021-02-18T14:11:06.905Z info: shortenUrl: http://link1s.com/byK1f
2021-02-18T14:11:08.640Z info: start download
2021-02-18T14:11:14.322Z info: done
2021-02-18T14:11:23.494Z info: start download
2021-02-18T14:11:23.760Z info: done
2021-02-18T14:11:23.806Z info: start download
2021-02-18T14:11:31.566Z info: done
2021-02-18T14:24:22.223Z info: done
2021-02-18T14:24:35.479Z info: start download
2021-02-18T14:24:36.270Z info: done
2021-02-18T14:24:39.058Z info: start download
2021-02-18T14:24:41.832Z info: done
2021-02-18T14:24:41.944Z info: start download
2021-02-18T14:24:50.098Z info: done
2021-02-18T14:27:42.870Z info: 27.72.18.154 GET https://www.fshare.vn/file/JPKIL7WPI75V
2021-02-18T14:27:42.872Z info: getting download link...
2021-02-18T14:27:44.846Z info: http://download033.fshare.vn/dl/7Mr88zSdaeG+oo9OSD1FKrPWzY-CL4z9BNdgMelx0TVgHthbATkSLTYJTE9NZu1BoLr3CiDfGazKZ-J1/Win10x64FS_Lite2.0.iso
2021-02-18T14:27:45.042Z info: shortenUrl: http://link1s.com/kydk
2021-02-18T14:28:16.030Z info: 171.224.177.2 GET https://www.fshare.vn/file/TWMX5BN1JT
2021-02-18T14:28:16.031Z info: getting download link...
2021-02-18T14:28:17.174Z info: http://download017.fshare.vn/dl/LWnBGR26JSBJbBFuatjyaPbxfK6YWK92HfdPf7X2a8C6h0xP8ij0hC+DCToffP-913wespI3RZD8Crqi/Tropa.de.Elite.Elite.Squad.2007.blu-ray.x264.720P.DTS-CHD.mkv
2021-02-18T14:28:17.379Z info: shortenUrl: http://link1s.com/MbzvH40m
2021-02-18T14:29:18.543Z info: 14.188.223.37 GET https://www.fshare.vn/file/V873J5TIPSME
2021-02-18T14:29:18.545Z info: getting download link...
2021-02-18T14:29:19.134Z info: http://download006.fshare.vn/dl/XW7Y+W9-g03BB1lw1-Yq1Ua3BW2EmBRdoHbRMngD1ZwGQqst4d1J7snIrfqmIbaRdn1O-LgmfaE4SY6i/EasyDrv7_Win10.x86_7.20.818.1.iso
2021-02-18T14:29:19.355Z info: shortenUrl: http://link1s.com/GAjD
2021-02-18T14:30:03.199Z info: start download
2021-02-18T14:30:03.392Z info: done
2021-02-18T14:30:03.473Z info: start download
2021-02-18T14:30:03.565Z info: done
2021-02-18T14:30:08.603Z info: start download
2021-02-18T14:41:29.906Z info: done
2021-02-18T14:43:35.835Z info: 27.74.185.68 GET https://www.fshare.vn/file/TQYESJYYN38M6PRE
2021-02-18T14:43:35.836Z info: getting download link...
2021-02-18T14:43:39.314Z info: http://download803.fshare.vn/dl/jybkjMcruZr2bSzhXFKimTwolEwAznqAyyEit5XiKdzefoYQEE69s479C2vWl5mqmnZrHBYh9Ge+mR6h/Blood%20Moon%20Party%202020%201080p%20WEB-DL%20DDP%205.1%20H.264%20-%20HBO.mkv
2021-02-18T14:43:39.510Z info: shortenUrl: http://link1s.com/h2Wjk7
2021-02-18T14:45:13.715Z info: start download
2021-02-18T14:52:34.767Z info: 42.119.228.143 GET https://www.fshare.vn/file/UBSPW5QYBFUTAM1X
2021-02-18T14:52:34.774Z info: getting download link...
2021-02-18T14:52:35.494Z info: http://download803.fshare.vn/dl/u3AHUCWLZbnOqS01CSj0eRXF-tLB5HrHtTaYGwyZ4LWmxlDrNjLrqKRApnKAWXFMDc3tvK81F5AgC68U/Tiec%20Trang%20Mau.mkv
2021-02-18T14:52:35.718Z info: shortenUrl: http://link1s.com/YJRw
2021-02-18T14:54:02.066Z info: start download
2021-02-18T14:54:02.513Z info: done
2021-02-18T14:54:05.566Z info: start download
2021-02-18T14:54:05.861Z info: done
2021-02-18T14:54:16.353Z info: start download
2021-02-18T14:54:16.458Z info: done
2021-02-18T14:54:16.509Z info: start download
2021-02-18T14:58:31.508Z info: 42.112.192.169 GET https://www.fshare.vn/file/FC4C4AQLHD6G
2021-02-18T14:58:31.516Z info: getting download link...
2021-02-18T14:58:42.803Z info: http://download011.fshare.vn/dl/50UXQpvbxMN9096OXTClknQNe1A8IPkRilejHT3EGKosaELlgxvnrSHFFY49yv7QITURVExgQtGKThY9/OFJE-293-C.mp4
2021-02-18T14:58:43.046Z info: shortenUrl: http://link1s.com/qt0V5D5r
2021-02-18T15:00:43.506Z info: start download
2021-02-18T15:12:23.628Z info: done
2021-02-18T15:18:57.979Z info: done
2021-02-18T15:56:50.782Z info: done
2021-02-18T16:19:19.913Z info: 116.102.41.34 GET https://www.fshare.vn/file/VOGX26GGPX82
2021-02-18T16:19:19.918Z info: getting download link...
2021-02-18T16:19:20.806Z info: http://download005.fshare.vn/dl/XKFNsce6DuxhY0rAmUTlel0Gi2g5XK7xJyMPNn2E7BKzC25wYoApYFB5bJc5dL-V8egFX2i0YFVD+Gvh/Fool%20for%20Love%202010%201080p%20NF%20WEB-DL%20DDP%202.0%20x264.mkv
2021-02-18T16:19:21.048Z info: shortenUrl: http://link1s.com/mox5gP
2021-02-18T16:19:22.003Z info: 123.24.191.220 GET https://www.fshare.vn/file/4FHXWJNEP469
2021-02-18T16:19:22.005Z info: getting download link...
2021-02-18T16:19:22.682Z info: http://download002.fshare.vn/dl/SqitkTKtH94VyzQM3xsaHFj53G3ccL+uhFrq9eX5DMTqaUZi9gTqPsaEmGSRgb+QH+BBw3KMD7UBnRFZ/and.then.there.were.none.s01e02.1080p.hdtv.x264-failed.mkv
2021-02-18T16:19:22.928Z info: shortenUrl: http://link1s.com/BF0N85ui
2021-02-18T16:20:13.727Z info: start download
2021-02-18T16:20:14.117Z info: done
2021-02-18T16:25:00.311Z info: 123.28.250.38 GET https://www.fshare.vn/file/LHD454X12W6U
2021-02-18T16:25:00.314Z info: getting download link...
2021-02-18T16:25:01.101Z info: http://download017.fshare.vn/dl/Ax4deX1WP5nQoJxfbXRn6qlQcKiuOhqXDHnGOEG851fhBG8PZvg7HEr7jpW-eHNpfr8grz5Agl5tQ+kf/Win-10-Pro-2009-NS-64-v70-21AK22-COM.iso
2021-02-18T16:25:01.328Z info: shortenUrl: http://link1s.com/g2bPEw
2021-02-18T16:26:46.189Z info: start download
2021-02-18T16:26:47.395Z info: done
2021-02-18T16:35:57.580Z info: start download
2021-02-18T16:35:59.102Z info: done
