2021-02-17T10:04:41.092Z info: 117.5.155.109 GET https://www.fshare.vn/file/WHEAXLXM243T
2021-02-17T10:04:41.096Z info: getting download link...
2021-02-17T10:04:41.636Z info: http://download023.fshare.vn/dl/eTcgGqXZztDUtcxjt70Q60tmiWi15tOW8JNZkLrSDcshxkr--UYlGaZiiYPTTe5VR7rCTU6QvoQ008y0/02.CEO%20VinaLink%20chia%20s%E1%BA%BB%20c%C3%A1ch%20l%C3%A0m%20Marketing%20tr%C3%AAn%20Facebook%20t%E1%BB%AB%20A-Z.rar
2021-02-17T10:04:41.879Z info: shortenUrl: http://link1s.com/6IXvh
2021-02-17T10:04:48.037Z info: 117.5.155.109 GET https://www.fshare.vn/file/WHEAXLXM243T
2021-02-17T10:04:48.040Z info: getting download link...
2021-02-17T10:04:52.135Z info: http://download023.fshare.vn/dl/M6AJ06FE5obbPIHv4JIaP5as6GkpeK9riqlQyAJKzMP5EbI+kbUTDCrF5akdWi15SOcLKPtgzC9zuDXS/02.CEO%20VinaLink%20chia%20s%E1%BA%BB%20c%C3%A1ch%20l%C3%A0m%20Marketing%20tr%C3%AAn%20Facebook%20t%E1%BB%AB%20A-Z.rar
2021-02-17T10:04:52.394Z info: shortenUrl: http://link1s.com/IwCuZS
2021-02-17T10:06:35.202Z info: start download
2021-02-17T10:06:36.609Z error: download router: TypeError: Only absolute URLs are supported
2021-02-17T10:06:51.493Z info: start download
2021-02-17T10:06:56.600Z error: download router: TypeError: Only absolute URLs are supported
2021-02-17T10:07:06.773Z info: done
2021-02-17T10:08:04.438Z info: 117.5.155.109 GET https://www.fshare.vn/file/PW4J3HY5GNJK
2021-02-17T10:08:04.441Z info: getting download link...
2021-02-17T10:08:04.996Z info: http://download019.fshare.vn/dl/B84YHetDyxdR09RZCY45qSN8Q05TbQVAKZureRcGhefFo+l363ET9tXFObu+sfebi8C6csgfWupeaSAt/Vu%20Thu%E1%BA%ADt%20Th%E1%BA%A7n%20B%C3%AD%20-%20G%E1%BB%8Di%20H%E1%BB%93n%20C%E1%BA%A7u%20H%E1%BB%93n%20Nh%E1%BA%ADp%20X%C3%A1c.pdf
2021-02-17T10:08:05.239Z info: shortenUrl: http://link1s.com/6IXvh
2021-02-17T10:08:11.854Z info: start download
2021-02-17T10:08:17.829Z info: done
2021-02-17T10:12:34.801Z info: 123.20.122.60 GET https://www.fshare.vn/file/PJE1P7L3FK9E
2021-02-17T10:12:34.803Z info: getting download link...
2021-02-17T10:12:35.325Z info: http://download039.fshare.vn/dl/Xo1zqIg7-CIDz2Q3YtCj8pZN73VMDaYUsGXE1EivSLeqciLGpqyTIYZsWkD7G+18Ax33zgGi4aYyG4Dc/YouCut_20210204_075232597.rar
2021-02-17T10:12:35.469Z info: shortenUrl: http://link1s.com/6IXvh
2021-02-17T10:14:31.360Z info: start download
2021-02-17T10:14:31.504Z info: done
2021-02-17T10:14:34.384Z error: download router: TypeError: Only absolute URLs are supported
2021-02-17T10:14:34.440Z error: download router: TypeError: Only absolute URLs are supported
2021-02-17T10:14:38.688Z error: download router: TypeError: Only absolute URLs are supported
2021-02-17T10:55:54.437Z info: 14.183.219.87 GET https://www.fshare.vn/file/TQYESJYYN38M6PRE
2021-02-17T10:55:54.439Z info: getting download link...
2021-02-17T10:56:02.319Z info: http://download802.fshare.vn/dl/9p9CYjsZSktKGR56zjqTUG3ey-HENUvXgQBk1JbEnJcsD2iVPEyVn6hj7UC4PDYfQe16viX+rXnZbc7A/Blood%20Moon%20Party%202020%201080p%20WEB-DL%20DDP%205.1%20H.264%20-%20HBO.mkv
2021-02-17T10:56:02.549Z info: shortenUrl: http://link1s.com/6IXvh
2021-02-17T10:57:08.076Z info: start download
2021-02-17T10:57:12.472Z error: download router: TypeError: Only absolute URLs are supported
2021-02-17T10:57:12.529Z error: download router: TypeError: Only absolute URLs are supported
2021-02-17T10:57:12.763Z info: done
2021-02-17T10:57:24.513Z error: download router: TypeError: Only absolute URLs are supported
2021-02-17T10:58:29.244Z error: download router: TypeError: Only absolute URLs are supported
2021-02-17T11:09:08.408Z info: 117.5.155.109 GET https://www.fshare.vn/file/WHEAXLXM243T
2021-02-17T11:09:08.411Z info: getting download link...
2021-02-17T11:09:08.991Z info: http://download023.fshare.vn/dl/obgtDkd3gFAD7vPB-Wp9jVChmT41w3PQV2EkGEDwMVhB0pn1eqCwiawYPdjto99BhWXMC2SKRV7oQ-Dc/02.CEO%20VinaLink%20chia%20s%E1%BA%BB%20c%C3%A1ch%20l%C3%A0m%20Marketing%20tr%C3%AAn%20Facebook%20t%E1%BB%AB%20A-Z.rar
2021-02-17T11:09:09.216Z info: shortenUrl: http://link1s.com/6IXvh
2021-02-17T11:09:58.701Z info: start download
2021-02-17T11:10:57.890Z info: done
2021-02-17T11:12:26.006Z info: 42.114.34.216 GET https://www.fshare.vn/file/TQYESJYYN38M6PRE
2021-02-17T11:12:26.008Z info: getting download link...
2021-02-17T11:12:28.327Z info: http://download802.fshare.vn/dl/K4D9cJ3-GPRsw5e4hRWbfAAtRIgYM-eQYPotP2VNuxp1wOzDYOJxH2HfHlixt3Cjj0r+eELmE9XTtvhW/Blood%20Moon%20Party%202020%201080p%20WEB-DL%20DDP%205.1%20H.264%20-%20HBO.mkv
2021-02-17T11:12:28.560Z info: shortenUrl: http://link1s.com/6IXvh
2021-02-17T11:13:53.330Z info: start download
2021-02-17T11:18:04.522Z info: 220.158.54.151 GET https://www.fshare.vn/file/URZG1H3OV3KAG7B
2021-02-17T11:18:04.528Z info: getting download link...
2021-02-17T11:18:05.187Z info: http://download020.fshare.vn/dl/GVFnq5MazxFi+RFrZAn2D2D0t6fFnuCu80N0oaDdP4Bim+xeZrlgxlSe-WQLGtB4imVz+z+nzgnFzcCp/%5B3D%20Hentai%5D%20%5B%E3%82%B9%E3%82%BF%E3%83%B3%E3%83%96%E3%83%AD%E3%83%BCAg%E7%B2%BE%E9%8C%AC%E6%89%80%5D%20%E5%9C%B0%E7%8D%84%E3%83%AB%E3%83%BC%E3%83%97%20-%20Hell%20loop.mkv
2021-02-17T11:18:05.426Z info: shortenUrl: http://link1s.com/IwCuZS
2021-02-17T11:19:27.367Z info: start download
2021-02-17T11:28:58.617Z info: done
2021-02-17T11:31:32.235Z info: done
2021-02-17T11:33:08.837Z info: 171.241.89.193 GET https://www.fshare.vn/file/TQYESJYYN38M6PRE
2021-02-17T11:33:08.839Z info: getting download link...
2021-02-17T11:33:09.447Z info: http://download802.fshare.vn/dl/tX8QAqVrHhg0BlHtmK7y+WMc85HHL93NAaQQJLaUfMz1FuFmwgpQITui1SPq7RC9mFP9JcpeiCzLdzcv/Blood%20Moon%20Party%202020%201080p%20WEB-DL%20DDP%205.1%20H.264%20-%20HBO.mkv
2021-02-17T11:33:09.637Z info: shortenUrl: http://link1s.com/6IXvh
2021-02-17T11:43:12.858Z info: 220.158.54.151 GET https://www.fshare.vn/file/A7T9IJVKVGBYO6L
2021-02-17T11:43:12.861Z info: getting download link...
2021-02-17T11:43:14.255Z info: http://download015.fshare.vn/dl/3BtcUZR4Lc54zttGe8lim2W5Ldh9eoNTBY2QGeqcubMdeRLEfKxlVAdJh2Czi86F1943iWzLKD4JI5qJ/Lovers%20Guide%203D%20%282011%29%20BDRip%20%28Re-encode%29%20HalfSBS%201080p%20-%20DTS%20AC3%205.1.mkv
2021-02-17T11:43:14.466Z info: shortenUrl: http://link1s.com/IwCuZS
2021-02-17T11:44:05.944Z info: start download
2021-02-17T11:44:36.583Z info: done
2021-02-17T12:10:35.423Z info: 220.158.54.151 GET https://www.fshare.vn/file/TGN23Z88KT
2021-02-17T12:10:35.425Z info: getting download link...
2021-02-17T12:10:39.091Z info: http://download009.fshare.vn/dl/v-kW+g-H6DQht+3JERgk5uvMksaB1bQvIpk9O3rA8gINz9U1Ulhd+A+Y++BAiBsOAg0Hq9CUdgrURki9/Avata.2009.3D.BluRay.1080p.HSBS._baque01.mp4
2021-02-17T12:10:39.340Z info: shortenUrl: http://link1s.com/6IXvh
2021-02-17T12:11:42.085Z info: start download
2021-02-17T12:16:24.264Z info: 113.190.116.154 GET https://www.fshare.vn/file/XCO32SIWS1DJ
2021-02-17T12:16:24.274Z info: getting download link...
2021-02-17T12:16:25.341Z info: http://download044.fshare.vn/dl/ipK5ZBXbPRwxUspHbyJdC-Ze+LdApTqw8Y5jypxYM7pf4j9HgNtFYzy3ge6Xw+3zbdNDu3hurM2jpB8B/ABP-921.FHD.viet%20sub_sync%20dinhdong.mp4
2021-02-17T12:16:25.557Z info: shortenUrl: http://link1s.com/IwCuZS
2021-02-17T12:16:41.188Z info: start download
2021-02-17T12:22:34.095Z info: 115.179.186.50 GET https://www.fshare.vn/file/TQYESJYYN38M6PRE
2021-02-17T12:22:34.101Z info: getting download link...
2021-02-17T12:22:34.708Z info: http://download033.fshare.vn/dl/jvtVuY3S6594mEGlByIgz+gzENH5JJr3wbwl1hfMypejXDVNvGSe3PB2lNl+xjMXxprqnp2TsG83TW30/Blood%20Moon%20Party%202020%201080p%20WEB-DL%20DDP%205.1%20H.264%20-%20HBO.mkv
2021-02-17T12:22:34.904Z info: shortenUrl: http://link1s.com/XkjN
2021-02-17T12:30:18.253Z info: done
2021-02-17T12:46:09.243Z info: 117.5.155.109 GET https://www.fshare.vn/file/WHEAXLXM243T
2021-02-17T12:46:09.256Z info: getting download link...
2021-02-17T12:46:09.962Z info: http://download023.fshare.vn/dl/ad-2WGXUIVGY0rZvZnun3p7D6g4xzO193YjKH-CkzedXQhTfan6+MGdoemCBQj40209+ImUdCjuruRmd/02.CEO%20VinaLink%20chia%20s%E1%BA%BB%20c%C3%A1ch%20l%C3%A0m%20Marketing%20tr%C3%AAn%20Facebook%20t%E1%BB%AB%20A-Z.rar
2021-02-17T12:46:10.192Z info: shortenUrl: http://link1s.com/I1MN86
2021-02-17T12:47:02.482Z info: 113.190.116.154 GET https://www.fshare.vn/file/NBCFWZZPC914
2021-02-17T12:47:02.488Z info: getting download link...
2021-02-17T12:47:05.310Z info: http://download038.fshare.vn/dl/zj9nhvaFYqpJDwfzR6s2e4cEvc9OPmti3o36HVHZII2Q6Sivxr4iiS+G+ArhI4AidwatDQwMJuNtaDNs/CAWD-043.HD.vietsub_dinhdong%20sync%281%29.mkv
2021-02-17T12:47:05.501Z info: shortenUrl: http://link1s.com/y6uKR
2021-02-17T12:47:19.286Z error: download router: ReferenceError: lastIndexOf is not defined
2021-02-17T12:47:49.529Z info: start download
2021-02-17T12:48:11.549Z info: start download
2021-02-17T12:48:14.609Z info: done
2021-02-17T12:48:25.755Z info: start download
2021-02-17T12:48:31.782Z info: done
2021-02-17T12:48:41.612Z info: start download
2021-02-17T12:48:53.646Z info: done
2021-02-17T12:51:01.591Z info: 113.22.140.252 GET https://www.fshare.vn/file/OA5L9ABH5ZDI
2021-02-17T12:51:01.600Z info: getting download link...
2021-02-17T12:51:04.364Z info: http://download033.fshare.vn/dl/28u6WcfByOqCxW1HKVCxO7n5MiVTml5ezoOJh81TwVeUXrUSw-l6I5sMdLIjEKISk0ce2AiqmIpnsMdW/Jazz%20at%20the%20Pawnshop%202%20%5BDSD128%5D.rar
2021-02-17T12:51:04.620Z info: shortenUrl: http://link1s.com/YokkI6DE
2021-02-17T12:51:21.513Z info: start download
2021-02-17T12:51:35.390Z info: done
2021-02-17T12:51:45.948Z info: start download
2021-02-17T12:52:01.624Z info: done
2021-02-17T12:52:24.351Z error: download router: TypeError [ERR_INVALID_ARG_TYPE]: The first argument must be of type string or an instance of Buffer, ArrayBuffer, or Array or an Array-like Object. Received undefined
2021-02-17T12:52:25.322Z error: download router: TypeError [ERR_INVALID_ARG_TYPE]: The first argument must be of type string or an instance of Buffer, ArrayBuffer, or Array or an Array-like Object. Received undefined
2021-02-17T12:53:34.033Z info: start download
2021-02-17T12:53:34.410Z info: start download
2021-02-17T13:01:26.226Z info: done
2021-02-17T13:02:24.847Z info: start download
2021-02-17T13:02:31.872Z info: done
2021-02-17T13:02:57.508Z info: start download
2021-02-17T13:02:58.862Z info: done
2021-02-17T13:03:03.694Z info: start download
2021-02-17T13:05:35.555Z info: start download
2021-02-17T13:05:37.567Z info: done
2021-02-17T13:11:02.960Z error: download router: TypeError [ERR_INVALID_ARG_TYPE]: The first argument must be of type string or an instance of Buffer, ArrayBuffer, or Array or an Array-like Object. Received undefined
2021-02-17T13:23:26.922Z info: 113.22.140.252 GET https://www.fshare.vn/file/OA5L9ABH5ZDI
2021-02-17T13:23:26.925Z info: getting download link...
2021-02-17T13:23:27.629Z info: http://download033.fshare.vn/dl/8EQaWz5Rr1bj3U7wt2cDM3gkJ1k9dAELk4TUNR4c0ls9vySB-YaMW6FSMgQwwRb2nuYRgPAhdU8aDl7b/Jazz%20at%20the%20Pawnshop%202%20%5BDSD128%5D.rar
2021-02-17T13:23:27.889Z info: shortenUrl: http://link1s.com/20Oc
2021-02-17T13:24:21.999Z info: start download
2021-02-17T13:24:22.309Z info: start download
2021-02-17T13:29:16.241Z info: 171.225.253.59 GET https://www.fshare.vn/file/TQYESJYYN38M6PRE
2021-02-17T13:29:16.247Z info: getting download link...
2021-02-17T13:29:16.879Z info: http://download802.fshare.vn/dl/t1svX0yAmMfJ2F6zaBLS4-2-googTlomGcVzpWyvIK2dmKK4uUTD2IiuZL4JHWULBp8oD4eYN3roauKj/Blood%20Moon%20Party%202020%201080p%20WEB-DL%20DDP%205.1%20H.264%20-%20HBO.mkv
2021-02-17T13:29:17.072Z info: shortenUrl: http://link1s.com/tnT1ZDs2
2021-02-17T13:40:25.593Z info: done
2021-02-17T13:41:24.247Z info: 27.71.36.215 GET https://www.fshare.vn/file/TCXG7DYIAPEM
2021-02-17T13:41:24.254Z info: getting download link...
2021-02-17T13:41:25.069Z info: http://download042.fshare.vn/dl/kegUNNTOp4in76lMD+Uyk9NJk3grl2AeXxbd4qogxapGCjjTII-jC2+ZgaYmCOGz4-lPerhcAjlo17Bs/Tieng%20Trung%20co%20ban%201%20cho%20nguoi%20moi%20bat%20dau-20181011T022410Z-001.zip
2021-02-17T13:41:25.263Z info: shortenUrl: http://link1s.com/447l
2021-02-17T13:44:02.897Z info: start download
2021-02-17T13:44:03.114Z info: start download
2021-02-17T13:47:17.154Z info: done
2021-02-17T13:47:28.444Z info: 117.5.155.109 GET https://www.fshare.vn/file/WHEAXLXM243T
2021-02-17T13:47:28.450Z info: getting download link...
2021-02-17T13:47:30.166Z info: http://download023.fshare.vn/dl/BCnQtUHX4p1zNjVJY3Jlg8z18W7QZKTRdKTbQbsxwc3XREdXwNaUFVnEjZR2g8xLWeiZc0yybmZIwME+/02.CEO%20VinaLink%20chia%20s%E1%BA%BB%20c%C3%A1ch%20l%C3%A0m%20Marketing%20tr%C3%AAn%20Facebook%20t%E1%BB%AB%20A-Z.rar
2021-02-17T13:47:30.401Z info: shortenUrl: http://link1s.com/4RJBa3a
2021-02-17T13:47:33.236Z info: done
2021-02-17T13:47:57.022Z info: 27.71.36.215 GET https://www.fshare.vn/file/P4564RBXF565
2021-02-17T13:47:57.024Z info: getting download link...
2021-02-17T13:47:58.825Z info: http://download007.fshare.vn/dl/ZWDWtJW0bkP5aox17KXcnDRmgRka-HPRY9j2ZEA9tp56HZJIjniFMHAPAhVszi6W5Jf8nRySNabhenvp/Tieng%20Trung%20co%20ban%201%20cho%20nguoi%20moi%20bat%20dau-20181011T022410Z-002.zip
2021-02-17T13:47:59.097Z info: shortenUrl: http://link1s.com/fBJtr
2021-02-17T13:48:55.271Z info: 27.75.97.121 GET https://www.fshare.vn/file/EFQ3W3GNQDEK
2021-02-17T13:48:55.273Z info: getting download link...
2021-02-17T13:48:58.797Z info: http://download030.fshare.vn/dl/Sz-a2hoahwknVML2cNkbvQcope7fiakR4th2LYgtjvRuUDvogZFMwPnWYtDfpZ1vSErcYT1dAQ3Tps2M/mashirito_21l.mp4
2021-02-17T13:48:59.017Z info: shortenUrl: http://link1s.com/4eVEQ
2021-02-17T13:49:10.841Z info: start download
2021-02-17T13:49:11.050Z info: start download
2021-02-17T13:51:08.249Z info: done
2021-02-17T13:53:46.081Z info: start download
2021-02-17T13:53:46.217Z info: done
2021-02-17T13:53:46.346Z info: start download
2021-02-17T13:54:32.822Z info: 117.5.155.109 GET https://www.fshare.vn/file/WHEAXLXM243T
2021-02-17T13:54:32.825Z info: getting download link...
2021-02-17T13:54:35.287Z info: http://download023.fshare.vn/dl/DelagcFwlyW704u7uJIqoWYhilZ4Yo+FB4Sqg79KDy0x3pedEtvOcx1PL6GW-OqQvp34krMwDRvGBJ21/02.CEO%20VinaLink%20chia%20s%E1%BA%BB%20c%C3%A1ch%20l%C3%A0m%20Marketing%20tr%C3%AAn%20Facebook%20t%E1%BB%AB%20A-Z.rar
2021-02-17T13:54:35.499Z info: shortenUrl: http://link1s.com/ybFTyJK
2021-02-17T13:55:22.374Z info: start download
2021-02-17T13:55:39.097Z info: done
2021-02-17T13:56:25.700Z info: start download
2021-02-17T13:56:28.905Z info: 113.22.140.252 GET https://www.fshare.vn/file/2VZZRLEW4K72
2021-02-17T13:56:28.907Z info: getting download link...
2021-02-17T13:56:32.626Z info: http://download029.fshare.vn/dl/iVWKhcz9Bne+4YBuBEbrJF3CfftRuhaMaSbL7exFvtr3geGTzNZG6WdDB1xOsg4zPpbF5j9nIcxB-a26/Paul%20Mauriat%20-%20Brasil%20Exclusivamente%20%282000%29_DSD128.rar
2021-02-17T13:56:32.874Z info: shortenUrl: http://link1s.com/Epgw
2021-02-17T13:56:57.676Z info: done
2021-02-17T13:59:46.817Z info: done
2021-02-17T14:00:30.906Z info: done
2021-02-17T14:02:15.690Z info: 27.75.97.121 GET https://www.fshare.vn/file/PJE1P7L3FK9E
2021-02-17T14:02:15.692Z info: getting download link...
2021-02-17T14:02:16.799Z info: http://download803.fshare.vn/dl/OW3knHF+m6tGl0zs-LNCoC+YmBaWppYb8a5MNL1yhuZD5oDZ75XJCPrP7SXnPfx9ZaR9qu4RLSBCo4bb/YouCut_20210204_075232597.rar
2021-02-17T14:02:17.043Z info: shortenUrl: http://link1s.com/G4BVU4l
2021-02-17T14:03:33.871Z info: start download
2021-02-17T14:03:33.983Z info: done
2021-02-17T14:03:34.102Z info: start download
2021-02-17T14:03:46.828Z info: done
2021-02-17T14:04:53.994Z info: done
2021-02-17T14:06:38.876Z info: 42.114.199.223 GET https://www.fshare.vn/file/ORJ2CDH4SC33
2021-02-17T14:06:38.878Z info: getting download link...
2021-02-17T14:06:39.509Z info: http://download030.fshare.vn/dl/QHjRiZXUQXG6jHxZfYOh-KDSfCBd8E5gGysYubBtqb+OvyQXLPQWsz2AvIbO3bKdAWZYkmt8vfTvsYaD/Tuy%E1%BB%87t%20chi%C3%AAu%20vi%E1%BA%BFt%20CV.rar
2021-02-17T14:06:39.727Z info: shortenUrl: http://link1s.com/RrfhzC
2021-02-17T14:08:44.425Z info: start download
2021-02-17T14:08:44.779Z info: start download
2021-02-17T14:08:44.921Z info: done
2021-02-17T14:10:12.912Z info: ::ffff:113.22.140.252 GET https://www.fshare.vn/file/2VZZRLEW4K72
2021-02-17T14:10:12.918Z info: getting download link...
2021-02-17T14:10:13.552Z info: http://download029.fshare.vn/dl/mWuKGGlcZCWhhxEeGwjBaAw412NbFDfslrZ3w0B-Lcmqum1mxwbYuXFufqsFbgvMKwxA1YGkNGoKYTrl/Paul%20Mauriat%20-%20Brasil%20Exclusivamente%20%282000%29_DSD128.rar
2021-02-17T14:10:13.825Z info: shortenUrl: http://link1s.com/MotIYptt
2021-02-17T14:11:34.865Z info: done
2021-02-17T14:11:46.089Z info: start download
2021-02-17T14:11:46.497Z info: start download
2021-02-17T14:23:31.481Z info: done
2021-02-17T14:24:35.509Z info: 117.5.155.109 GET https://www.fshare.vn/file/WHEAXLXM243T
2021-02-17T14:24:35.519Z info: getting download link...
2021-02-17T14:24:36.217Z info: http://download023.fshare.vn/dl/TSPN-JuozPwfB3svf2N4jYZrXj7rzVGaXEpUTSX01RQdVSxY8EaLK+XyC+IcjS8ppr0eT-GVRtiWXjz4/02.CEO%20VinaLink%20chia%20s%E1%BA%BB%20c%C3%A1ch%20l%C3%A0m%20Marketing%20tr%C3%AAn%20Facebook%20t%E1%BB%AB%20A-Z.rar
2021-02-17T14:24:36.438Z info: shortenUrl: http://link1s.com/ZMIu4MY
2021-02-17T14:25:26.760Z info: start download
2021-02-17T14:25:51.973Z info: done
2021-02-17T14:30:38.535Z info: ::ffff:113.22.140.252 GET https://www.fshare.vn/file/NDNV73J88717
2021-02-17T14:30:38.538Z info: getting download link...
2021-02-17T14:30:39.693Z info: http://download006.fshare.vn/dl/8est8PHAsQ1jyMm2+jkjcRx01nN4xlf2gx5rDwSyEfvdovLcPmH23+nUriI+aT3mLcUHx7cw806lt31K/Paul%20Mauriat%20-%20El%20Bimbo%20%281977%29_DSD128.rar
2021-02-17T14:30:43.967Z info: shortenUrl: http://link1s.com/vHcS7u
2021-02-17T14:32:02.202Z info: start download
2021-02-17T14:32:36.663Z info: ::ffff:113.22.140.252 GET https://www.fshare.vn/file/NDNV73J88717
2021-02-17T14:32:36.665Z info: getting download link...
2021-02-17T14:32:38.327Z info: http://download006.fshare.vn/dl/XffnfHlGbpViHiK3CaZ7EX0wv7gKBVMYdb4juZ2V5O4vR42WxGl3vQYSrxwZxEj7sKGmxkVSAzXlu5ON/Paul%20Mauriat%20-%20El%20Bimbo%20%281977%29_DSD128.rar
2021-02-17T14:32:38.554Z info: shortenUrl: http://link1s.com/hCFJYsZs
2021-02-17T14:33:32.344Z info: start download
2021-02-17T14:34:05.109Z info: 117.5.155.109 GET https://www.fshare.vn/file/WHEAXLXM243T
2021-02-17T14:34:05.112Z info: getting download link...
2021-02-17T14:34:05.763Z info: http://download023.fshare.vn/dl/tvW0WDzLRrAkE0TFfN9Pb1bBlqL1XWTzp6xtqphMPsgzmqEVR7SzYlEWprMq4Fozq0+PlCtKCpNW7BAq/02.CEO%20VinaLink%20chia%20s%E1%BA%BB%20c%C3%A1ch%20l%C3%A0m%20Marketing%20tr%C3%AAn%20Facebook%20t%E1%BB%AB%20A-Z.rar
2021-02-17T14:34:05.974Z info: shortenUrl: http://link1s.com/jUURhn
2021-02-17T14:38:33.803Z info: ::ffff:117.5.155.109 GET https://www.fshare.vn/file/WHEAXLXM243T
2021-02-17T14:38:33.810Z info: getting download link...
2021-02-17T14:38:37.529Z info: http://download023.fshare.vn/dl/M4Kl1Hq3MQQk5Va8h1jhvIPzPp8Ll+4SxJ1H2oKc4r2HLyFlXqqm1PbEt-AqvHqoQi9gXr-ZA2-mQOlU/02.CEO%20VinaLink%20chia%20s%E1%BA%BB%20c%C3%A1ch%20l%C3%A0m%20Marketing%20tr%C3%AAn%20Facebook%20t%E1%BB%AB%20A-Z.rar
2021-02-17T14:38:37.766Z info: shortenUrl: http://link1s.com/2L2WoI
2021-02-17T14:41:53.875Z info: start download
2021-02-17T14:41:55.690Z info: done
2021-02-17T14:47:41.845Z info: ::ffff:113.22.140.252 GET https://www.fshare.vn/file/MYO7RVUF7IQT
2021-02-17T14:47:41.851Z info: getting download link...
2021-02-17T14:47:42.505Z info: http://download046.fshare.vn/dl/+aY5NWEa6+eBXIE2MHXrhpE1Oxuj7D4aU912wfXKyrTCJ7aTyj4WvYWmJe6ymTPe5AiiLb3YcsRFihdk/Paul%20Mauriat%20-%20Forever%20And%20Ever%20%281973%29_DSD128.rar
2021-02-17T14:47:42.700Z info: shortenUrl: http://link1s.com/sccOFF
2021-02-17T14:48:45.697Z info: start download
2021-02-17T14:56:35.981Z info: start download
2021-02-17T14:56:58.730Z info: done
2021-02-17T15:00:55.369Z info: 171.236.183.29 GET https://www.fshare.vn/file/H679BIFB2ZLP
2021-02-17T15:00:55.373Z info: getting download link...
2021-02-17T15:00:59.481Z info: http://download036.fshare.vn/dl/XMxQ1aYFMHFzhqkBRfUEgXyjZoxWuVbwyNY8g6zEwQYt5MmT2p-pl56K1kF1Oz3o6Aq-qmi3V0SU7o7r/Guitar%20%C4%91%E1%BB%87m%20h%C3%A1t%20c%C6%A1%20b%E1%BA%A3n%20t%E1%BB%AB%20A-Z.rar
2021-02-17T15:00:59.733Z info: shortenUrl: http://link1s.com/nfoHjrw1
2021-02-17T15:04:18.510Z info: start download
2021-02-17T15:04:19.209Z info: done
2021-02-17T15:04:19.288Z info: start download
2021-02-17T15:04:48.240Z info: done
2021-02-17T15:08:09.237Z info: done
2021-02-17T15:13:55.887Z info: 171.236.183.29 GET https://www.fshare.vn/file/PZNZSMKM8YV7
2021-02-17T15:13:55.889Z info: getting download link...
2021-02-17T15:13:56.608Z info: http://download037.fshare.vn/dl/uGCF21Q-D2ZDTWG0S1ZT7od5EsEfDwTz9ZSceLNlhqsXErlQOzJfRmetVikAxgxqVyAJ29UrcEMUf3Zr/Guitar%20%C4%91%E1%BB%87m%20h%C3%A1t%20trong%2030%20ng%C3%A0y.rar
2021-02-17T15:13:56.805Z info: shortenUrl: http://link1s.com/lmR5
2021-02-17T15:14:56.778Z info: start download
2021-02-17T15:20:41.574Z info: 171.247.175.25 GET https://www.fshare.vn/file/NG2NSR57AKNCI78B
2021-02-17T15:20:41.579Z info: getting download link...
2021-02-17T15:20:42.260Z info: http://download802.fshare.vn/dl/jFWo4SeLvyHHxiyQ+1DvlcYl7zlZMHpugO7oMVNN-N47gxqkpj9SYlz-jMCk4N35i6hvqCgb3B2DxIVN/Tiec%20Trang%20Mau.mkv
2021-02-17T15:20:42.500Z info: shortenUrl: http://link1s.com/DOa3
2021-02-17T15:22:04.182Z info: start download
2021-02-17T15:22:04.962Z info: done
2021-02-17T15:30:42.671Z info: done
2021-02-17T15:33:53.952Z info: 171.251.237.251 GET https://www.fshare.vn/file/DUTCXG4WZYLQP3X8
2021-02-17T15:33:53.955Z info: getting download link...
2021-02-17T15:33:54.591Z info: http://download802.fshare.vn/dl/EPNVJ9XbJVe9uT6usKGVGBsEMc9YTqvHOfiKh80DV7nsHPekvRogdnMMHNmIKpSb3hf8hPT0OOFnuOGX/Blood%20Moon%20Party%202020%201080p%20WEB-DL%20DDP%205.1%20H.264%20-%20HBO.mkv
2021-02-17T15:33:54.762Z info: shortenUrl: http://link1s.com/Q9Mo
2021-02-17T15:35:48.020Z info: 171.251.237.251 GET https://www.fshare.vn/file/DUTCXG4WZYLQP3X8
2021-02-17T15:35:48.023Z info: getting download link...
2021-02-17T15:35:49.407Z info: http://download802.fshare.vn/dl/bY1VxnFQmg7JODegyc1IRG3oIAvZnfnrR6I3PZLiupEuTMZLeJd1jZf+6P3QozU9wXvn4DN0BlJML1hF/Blood%20Moon%20Party%202020%201080p%20WEB-DL%20DDP%205.1%20H.264%20-%20HBO.mkv
2021-02-17T15:35:49.600Z info: shortenUrl: http://link1s.com/BtXh8j
2021-02-17T15:37:27.473Z info: start download
2021-02-17T15:45:18.843Z info: 113.22.140.252 GET https://www.fshare.vn/file/MYO7RVUF7IQT
2021-02-17T15:45:18.849Z info: getting download link...
2021-02-17T15:45:19.509Z info: http://download046.fshare.vn/dl/6C8CnMQufklQ0gFXWblKyFvEKwR7kwzGGpWKOL64vRuKUONLjP3JSWzKWnJ-mkluoLkUYv-M3pftTKzT/Paul%20Mauriat%20-%20Forever%20And%20Ever%20%281973%29_DSD128.rar
2021-02-17T15:45:19.736Z info: shortenUrl: http://link1s.com/q4FM
2021-02-17T15:46:19.097Z info: start download
2021-02-17T15:55:30.593Z info: done
2021-02-17T16:02:23.219Z info: done
2021-02-17T16:32:37.547Z info: 123.17.16.209 GET https://www.fshare.vn/file/1JE2UUGEC7RX
2021-02-17T16:32:37.549Z info: getting download link...
2021-02-17T16:32:38.302Z info: http://download010.fshare.vn/dl/6zM+oAszai-ZLQkhK+DCtrlh5rqgs8uzDzXr+sFSHU+YecKf9YqFg8n1YP2CYYat3fvSL3AgT82r9Nvn/Microsoft%20Office%202019%20for%20Mac%20v16.46.dmg
2021-02-17T16:32:38.532Z info: shortenUrl: http://link1s.com/1i74E
2021-02-17T16:33:06.898Z info: 123.17.16.209 GET https://www.fshare.vn/file/93C9XPELKSZC
2021-02-17T16:33:06.900Z info: getting download link...
2021-02-17T16:33:07.571Z info: http://download024.fshare.vn/dl/UqwERWwiR5mc8OugwZiLTxol+qTciUomJ9Y2GPiEj9KVFYXdJThKlYYRYGaRXgHnCqOBrv5IeAMNgcPG/Microsoft%20Office%202019%20for%20Mac%20v16.45.zip
2021-02-17T16:33:07.790Z info: shortenUrl: http://link1s.com/0hBRG
